mode: atomic
github.com/vaayne/anna/internal/ai/providers/anthropic/client.go:24.32,26.22 2 4
github.com/vaayne/anna/internal/ai/providers/anthropic/client.go:26.22,28.3 1 2
github.com/vaayne/anna/internal/ai/providers/anthropic/client.go:29.2,29.23 1 4
github.com/vaayne/anna/internal/ai/providers/anthropic/client.go:29.23,31.3 1 1
github.com/vaayne/anna/internal/ai/providers/anthropic/client.go:32.2,32.56 1 4
github.com/vaayne/anna/internal/ai/providers/anthropic/client.go:36.33,36.55 1 1
github.com/vaayne/anna/internal/ai/providers/anthropic/client.go:39.115,45.12 5 0
github.com/vaayne/anna/internal/ai/providers/anthropic/client.go:45.12,48.41 3 0
github.com/vaayne/anna/internal/ai/providers/anthropic/client.go:48.41,50.4 1 0
github.com/vaayne/anna/internal/ai/providers/anthropic/client.go:52.2,52.17 1 0
github.com/vaayne/anna/internal/ai/providers/anthropic/client.go:56.127,58.2 1 0
github.com/vaayne/anna/internal/ai/providers/anthropic/client.go:61.72,63.16 2 0
github.com/vaayne/anna/internal/ai/providers/anthropic/client.go:63.16,65.3 1 0
github.com/vaayne/anna/internal/ai/providers/anthropic/client.go:67.2,68.30 2 0
github.com/vaayne/anna/internal/ai/providers/anthropic/client.go:68.30,75.3 1 0
github.com/vaayne/anna/internal/ai/providers/anthropic/client.go:76.2,76.20 1 0
github.com/vaayne/anna/internal/ai/providers/anthropic/client.go:81.72,83.23 2 2
github.com/vaayne/anna/internal/ai/providers/anthropic/client.go:83.23,85.3 1 1
github.com/vaayne/anna/internal/ai/providers/anthropic/client.go:86.2,86.24 1 2
github.com/vaayne/anna/internal/ai/providers/anthropic/client.go:86.24,88.3 1 1
github.com/vaayne/anna/internal/ai/providers/anthropic/client.go:89.2,89.33 1 2
github.com/vaayne/anna/internal/ai/providers/anthropic/client.go:89.33,91.3 1 1
github.com/vaayne/anna/internal/ai/providers/anthropic/client.go:92.2,92.16 1 2
github.com/vaayne/anna/internal/ai/providers/anthropic/convert_messages.go:10.57,12.35 2 14
github.com/vaayne/anna/internal/ai/providers/anthropic/convert_messages.go:12.35,13.26 1 16
github.com/vaayne/anna/internal/ai/providers/anthropic/convert_messages.go:14.23,15.84 1 8
github.com/vaayne/anna/internal/ai/providers/anthropic/convert_messages.go:16.28,17.94 1 5
github.com/vaayne/anna/internal/ai/providers/anthropic/convert_messages.go:18.29,19.71 1 3
github.com/vaayne/anna/internal/ai/providers/anthropic/convert_messages.go:22.2,22.17 1 14
github.com/vaayne/anna/internal/ai/providers/anthropic/convert_messages.go:25.66,26.29 1 12
github.com/vaayne/anna/internal/ai/providers/anthropic/convert_messages.go:27.14,28.59 1 9
github.com/vaayne/anna/internal/ai/providers/anthropic/convert_messages.go:29.25,31.27 2 2
github.com/vaayne/anna/internal/ai/providers/anthropic/convert_messages.go:31.27,32.29 1 4
github.com/vaayne/anna/internal/ai/providers/anthropic/convert_messages.go:33.24,34.54 1 3
github.com/vaayne/anna/internal/ai/providers/anthropic/convert_messages.go:35.25,36.73 1 1
github.com/vaayne/anna/internal/ai/providers/anthropic/convert_messages.go:39.3,39.16 1 2
github.com/vaayne/anna/internal/ai/providers/anthropic/convert_messages.go:40.10,41.84 1 1
github.com/vaayne/anna/internal/ai/providers/anthropic/convert_messages.go:45.84,47.31 2 7
github.com/vaayne/anna/internal/ai/providers/anthropic/convert_messages.go:47.31,48.28 1 10
github.com/vaayne/anna/internal/ai/providers/anthropic/convert_messages.go:49.23,50.47 1 5
github.com/vaayne/anna/internal/ai/providers/anthropic/convert_messages.go:51.27,52.68 1 2
github.com/vaayne/anna/internal/ai/providers/anthropic/convert_messages.go:53.20,54.69 1 3
github.com/vaayne/anna/internal/ai/providers/anthropic/convert_messages.go:57.2,57.12 1 7
github.com/vaayne/anna/internal/ai/providers/anthropic/convert_messages.go:60.73,62.34 2 5
github.com/vaayne/anna/internal/ai/providers/anthropic/convert_messages.go:62.34,63.58 1 4
github.com/vaayne/anna/internal/ai/providers/anthropic/convert_messages.go:63.58,65.9 2 4
github.com/vaayne/anna/internal/ai/providers/anthropic/convert_messages.go:68.2,68.62 1 5
github.com/vaayne/anna/internal/ai/providers/anthropic/options.go:10.94,12.27 2 6
github.com/vaayne/anna/internal/ai/providers/anthropic/options.go:12.27,14.3 1 1
github.com/vaayne/anna/internal/ai/providers/anthropic/options.go:16.2,22.22 2 6
github.com/vaayne/anna/internal/ai/providers/anthropic/options.go:22.22,24.3 1 1
github.com/vaayne/anna/internal/ai/providers/anthropic/options.go:26.2,26.29 1 6
github.com/vaayne/anna/internal/ai/providers/anthropic/options.go:26.29,28.3 1 1
github.com/vaayne/anna/internal/ai/providers/anthropic/options.go:30.2,30.24 1 6
github.com/vaayne/anna/internal/ai/providers/anthropic/options.go:30.24,32.3 1 1
github.com/vaayne/anna/internal/ai/providers/anthropic/options.go:34.2,34.15 1 6
github.com/vaayne/anna/internal/ai/providers/anthropic/options.go:37.69,39.26 2 4
github.com/vaayne/anna/internal/ai/providers/anthropic/options.go:39.26,43.58 2 3
github.com/vaayne/anna/internal/ai/providers/anthropic/options.go:43.58,45.4 1 2
github.com/vaayne/anna/internal/ai/providers/anthropic/options.go:46.3,51.53 2 3
github.com/vaayne/anna/internal/ai/providers/anthropic/options.go:53.2,53.12 1 4
github.com/vaayne/anna/internal/ai/providers/anthropic/stream.go:9.106,13.23 2 0
github.com/vaayne/anna/internal/ai/providers/anthropic/stream.go:13.23,15.48 2 0
github.com/vaayne/anna/internal/ai/providers/anthropic/stream.go:15.48,17.4 1 0
github.com/vaayne/anna/internal/ai/providers/anthropic/stream.go:21.96,22.20 1 4
github.com/vaayne/anna/internal/ai/providers/anthropic/stream.go:23.23,24.46 1 0
github.com/vaayne/anna/internal/ai/providers/anthropic/stream.go:26.29,28.28 2 1
github.com/vaayne/anna/internal/ai/providers/anthropic/stream.go:28.28,31.4 2 1
github.com/vaayne/anna/internal/ai/providers/anthropic/stream.go:32.3,32.13 1 0
github.com/vaayne/anna/internal/ai/providers/anthropic/stream.go:34.29,37.21 3 2
github.com/vaayne/anna/internal/ai/providers/anthropic/stream.go:38.21,39.24 1 1
github.com/vaayne/anna/internal/ai/providers/anthropic/stream.go:39.24,41.5 1 1
github.com/vaayne/anna/internal/ai/providers/anthropic/stream.go:42.25,43.28 1 0
github.com/vaayne/anna/internal/ai/providers/anthropic/stream.go:43.28,45.5 1 0
github.com/vaayne/anna/internal/ai/providers/anthropic/stream.go:46.27,47.31 1 1
github.com/vaayne/anna/internal/ai/providers/anthropic/stream.go:47.31,52.5 1 1
github.com/vaayne/anna/internal/ai/providers/anthropic/stream.go:54.3,54.16 1 2
github.com/vaayne/anna/internal/ai/providers/anthropic/stream.go:56.23,58.35 2 1
github.com/vaayne/anna/internal/ai/providers/anthropic/stream.go:58.35,60.4 1 1
github.com/vaayne/anna/internal/ai/providers/anthropic/stream.go:61.3,61.66 1 1
github.com/vaayne/anna/internal/ai/providers/anthropic/stream.go:61.66,67.4 1 1
github.com/vaayne/anna/internal/ai/providers/anthropic/stream.go:68.3,68.16 1 1
github.com/vaayne/anna/internal/ai/providers/anthropic/stream.go:70.22,71.45 1 0
github.com/vaayne/anna/internal/ai/providers/anthropic/stream.go:74.2,74.12 1 0
github.com/vaayne/anna/internal/ai/providers/anthropic/stream.go:77.49,78.16 1 5
github.com/vaayne/anna/internal/ai/providers/anthropic/stream.go:79.18,80.30 1 1
github.com/vaayne/anna/internal/ai/providers/anthropic/stream.go:81.20,82.29 1 1
github.com/vaayne/anna/internal/ai/providers/anthropic/stream.go:83.18,84.27 1 2
github.com/vaayne/anna/internal/ai/providers/anthropic/stream.go:85.10,86.27 1 1
github.com/vaayne/anna/internal/agent/engine/continue.go:12.130,13.23 1 1
github.com/vaayne/anna/internal/agent/engine/continue.go:13.23,15.3 1 0
github.com/vaayne/anna/internal/agent/engine/continue.go:17.2,17.40 1 1
github.com/vaayne/anna/internal/agent/engine/continue.go:18.44,19.40 1 0
github.com/vaayne/anna/internal/agent/engine/continue.go:20.10,21.65 1 1
github.com/vaayne/anna/internal/agent/engine/engine.go:20.125,21.36 1 6
github.com/vaayne/anna/internal/agent/engine/engine.go:21.36,23.3 1 0
github.com/vaayne/anna/internal/agent/engine/engine.go:24.2,24.17 1 6
github.com/vaayne/anna/internal/agent/engine/engine.go:24.17,26.3 1 6
github.com/vaayne/anna/internal/agent/engine/engine.go:28.2,29.16 2 6
github.com/vaayne/anna/internal/agent/engine/engine.go:29.16,30.18 1 1
github.com/vaayne/anna/internal/agent/engine/engine.go:30.18,32.4 1 1
github.com/vaayne/anna/internal/agent/engine/engine.go:33.3,33.22 1 1
github.com/vaayne/anna/internal/agent/engine/engine.go:36.2,36.17 1 5
github.com/vaayne/anna/internal/agent/engine/engine.go:36.17,38.3 1 5
github.com/vaayne/anna/internal/agent/engine/engine.go:39.2,39.21 1 5
github.com/vaayne/anna/internal/agent/engine/engine.go:42.129,44.19 2 6
github.com/vaayne/anna/internal/agent/engine/engine.go:44.19,46.3 1 5
github.com/vaayne/anna/internal/agent/engine/engine.go:48.2,48.42 1 6
github.com/vaayne/anna/internal/agent/engine/engine.go:48.42,49.18 1 9
github.com/vaayne/anna/internal/agent/engine/engine.go:49.18,51.4 1 9
github.com/vaayne/anna/internal/agent/engine/engine.go:54.3,57.17 3 9
github.com/vaayne/anna/internal/agent/engine/engine.go:57.17,59.4 1 0
github.com/vaayne/anna/internal/agent/engine/engine.go:61.3,64.95 2 9
github.com/vaayne/anna/internal/agent/engine/engine.go:64.95,65.19 1 1
github.com/vaayne/anna/internal/agent/engine/engine.go:65.19,67.5 1 1
github.com/vaayne/anna/internal/agent/engine/engine.go:68.4,68.23 1 1
github.com/vaayne/anna/internal/agent/engine/engine.go:71.3,72.22 2 8
github.com/vaayne/anna/internal/agent/engine/engine.go:72.22,73.19 1 3
github.com/vaayne/anna/internal/agent/engine/engine.go:73.19,75.5 1 3
github.com/vaayne/anna/internal/agent/engine/engine.go:76.4,76.23 1 3
github.com/vaayne/anna/internal/agent/engine/engine.go:80.3,80.27 1 5
github.com/vaayne/anna/internal/agent/engine/engine.go:80.27,81.11 1 1
github.com/vaayne/anna/internal/agent/engine/engine.go:82.25,83.20 1 1
github.com/vaayne/anna/internal/agent/engine/engine.go:83.20,85.6 1 1
github.com/vaayne/anna/internal/agent/engine/engine.go:86.5,86.24 1 1
github.com/vaayne/anna/internal/agent/engine/engine.go:87.12,87.12 0 0
github.com/vaayne/anna/internal/agent/engine/engine.go:91.3,92.36 1 4
github.com/vaayne/anna/internal/agent/engine/engine.go:92.36,93.20 1 4
github.com/vaayne/anna/internal/agent/engine/engine.go:93.20,95.6 1 4
github.com/vaayne/anna/internal/agent/engine/engine.go:97.48,98.20 1 4
github.com/vaayne/anna/internal/agent/engine/engine.go:98.20,100.6 1 4
github.com/vaayne/anna/internal/agent/engine/engine.go:104.3,104.17 1 4
github.com/vaayne/anna/internal/agent/engine/engine.go:104.17,106.4 1 0
github.com/vaayne/anna/internal/agent/engine/engine.go:108.3,108.34 1 4
github.com/vaayne/anna/internal/agent/engine/engine.go:108.34,110.4 1 4
github.com/vaayne/anna/internal/agent/engine/engine.go:112.3,112.18 1 4
github.com/vaayne/anna/internal/agent/engine/engine.go:112.18,114.4 1 4
github.com/vaayne/anna/internal/agent/engine/engine.go:117.2,117.80 1 1
github.com/vaayne/anna/internal/agent/engine/engine.go:122.141,129.16 2 9
github.com/vaayne/anna/internal/agent/engine/engine.go:129.16,131.3 1 0
github.com/vaayne/anna/internal/agent/engine/engine.go:133.2,140.42 7 9
github.com/vaayne/anna/internal/agent/engine/engine.go:140.42,141.28 1 19
github.com/vaayne/anna/internal/agent/engine/engine.go:142.26,143.18 1 4
github.com/vaayne/anna/internal/agent/engine/engine.go:144.30,145.26 1 0
github.com/vaayne/anna/internal/agent/engine/engine.go:146.30,149.20 3 5
github.com/vaayne/anna/internal/agent/engine/engine.go:149.20,151.5 1 5
github.com/vaayne/anna/internal/agent/engine/engine.go:152.4,152.25 1 5
github.com/vaayne/anna/internal/agent/engine/engine.go:152.25,154.5 1 5
github.com/vaayne/anna/internal/agent/engine/engine.go:155.4,155.26 1 5
github.com/vaayne/anna/internal/agent/engine/engine.go:156.22,157.23 1 0
github.com/vaayne/anna/internal/agent/engine/engine.go:158.21,159.29 1 9
github.com/vaayne/anna/internal/agent/engine/engine.go:160.22,161.20 1 1
github.com/vaayne/anna/internal/agent/engine/engine.go:161.20,164.5 2 0
github.com/vaayne/anna/internal/agent/engine/engine.go:168.3,168.15 1 19
github.com/vaayne/anna/internal/agent/engine/engine.go:168.15,170.19 2 9
github.com/vaayne/anna/internal/agent/engine/engine.go:170.19,172.5 1 9
github.com/vaayne/anna/internal/agent/engine/engine.go:176.3,176.18 1 19
github.com/vaayne/anna/internal/agent/engine/engine.go:176.18,180.4 2 19
github.com/vaayne/anna/internal/agent/engine/engine.go:183.2,183.51 1 9
github.com/vaayne/anna/internal/agent/engine/engine.go:183.51,185.3 1 0
github.com/vaayne/anna/internal/agent/engine/engine.go:188.2,188.16 1 9
github.com/vaayne/anna/internal/agent/engine/engine.go:188.16,190.3 1 3
github.com/vaayne/anna/internal/agent/engine/engine.go:191.2,191.20 1 9
github.com/vaayne/anna/internal/agent/engine/engine.go:191.20,193.3 1 0
github.com/vaayne/anna/internal/agent/engine/engine.go:194.2,194.34 1 9
github.com/vaayne/anna/internal/agent/engine/engine.go:194.34,195.47 1 5
github.com/vaayne/anna/internal/agent/engine/engine.go:195.47,197.51 2 5
github.com/vaayne/anna/internal/agent/engine/engine.go:197.51,199.5 1 5
github.com/vaayne/anna/internal/agent/engine/engine.go:201.3,201.42 1 5
github.com/vaayne/anna/internal/agent/engine/engine.go:204.2,204.17 1 9
github.com/vaayne/anna/internal/agent/engine/engine.go:204.17,206.3 1 9
github.com/vaayne/anna/internal/agent/engine/engine.go:208.2,208.17 1 9
github.com/vaayne/anna/internal/agent/engine/engine.go:212.122,215.16 3 19
github.com/vaayne/anna/internal/agent/engine/engine.go:215.16,217.3 1 7
github.com/vaayne/anna/internal/agent/engine/engine.go:218.2,218.20 1 19
github.com/vaayne/anna/internal/agent/engine/engine.go:218.20,220.3 1 0
github.com/vaayne/anna/internal/agent/engine/engine.go:221.2,221.33 1 19
github.com/vaayne/anna/internal/agent/engine/engine.go:221.33,223.3 1 10
github.com/vaayne/anna/internal/agent/engine/engine.go:224.2,224.16 1 19
github.com/vaayne/anna/internal/agent/engine/engine.go:227.62,229.36 2 8
github.com/vaayne/anna/internal/agent/engine/engine.go:229.36,231.9 2 8
github.com/vaayne/anna/internal/agent/engine/engine.go:231.9,233.4 1 5
github.com/vaayne/anna/internal/agent/engine/engine.go:235.2,235.14 1 8
github.com/vaayne/anna/internal/agent/engine/events.go:13.35,13.60 1 1
github.com/vaayne/anna/internal/agent/engine/events.go:20.39,20.68 1 1
github.com/vaayne/anna/internal/agent/engine/events.go:28.37,28.64 1 1
github.com/vaayne/anna/internal/agent/engine/events.go:35.40,35.70 1 1
github.com/vaayne/anna/internal/agent/engine/events.go:42.34,42.58 1 1
github.com/vaayne/anna/internal/agent/engine/events.go:49.35,49.60 1 1
github.com/vaayne/anna/internal/agent/engine/events.go:56.34,56.58 1 1
github.com/vaayne/anna/internal/agent/engine/events.go:63.35,63.60 1 1
github.com/vaayne/anna/internal/agent/engine/events.go:68.36,68.62 1 1
github.com/vaayne/anna/internal/agent/engine/events.go:75.35,75.60 1 1
github.com/vaayne/anna/internal/agent/engine/tool_execution.go:18.130,21.29 2 8
github.com/vaayne/anna/internal/agent/engine/tool_execution.go:21.29,22.24 1 9
github.com/vaayne/anna/internal/agent/engine/tool_execution.go:22.24,24.4 1 4
github.com/vaayne/anna/internal/agent/engine/tool_execution.go:28.3,28.28 1 9
github.com/vaayne/anna/internal/agent/engine/tool_execution.go:28.28,32.19 1 0
github.com/vaayne/anna/internal/agent/engine/tool_execution.go:32.19,40.27 3 0
github.com/vaayne/anna/internal/agent/engine/tool_execution.go:40.27,42.6 1 0
github.com/vaayne/anna/internal/agent/engine/tool_execution.go:43.5,43.13 1 0
github.com/vaayne/anna/internal/agent/engine/tool_execution.go:47.3,48.10 2 9
github.com/vaayne/anna/internal/agent/engine/tool_execution.go:48.10,56.26 3 1
github.com/vaayne/anna/internal/agent/engine/tool_execution.go:56.26,58.5 1 0
github.com/vaayne/anna/internal/agent/engine/tool_execution.go:59.4,59.12 1 1
github.com/vaayne/anna/internal/agent/engine/tool_execution.go:62.3,64.17 3 8
github.com/vaayne/anna/internal/agent/engine/tool_execution.go:64.17,70.26 3 3
github.com/vaayne/anna/internal/agent/engine/tool_execution.go:70.26,72.5 1 1
github.com/vaayne/anna/internal/agent/engine/tool_execution.go:73.4,73.69 1 3
github.com/vaayne/anna/internal/agent/engine/tool_execution.go:77.3,77.28 1 8
github.com/vaayne/anna/internal/agent/engine/tool_execution.go:77.28,83.4 1 0
github.com/vaayne/anna/internal/agent/engine/tool_execution.go:85.3,86.25 2 8
github.com/vaayne/anna/internal/agent/engine/tool_execution.go:86.25,88.4 1 4
github.com/vaayne/anna/internal/agent/engine/tool_execution.go:91.2,91.41 1 8
github.com/vaayne/anna/internal/agent/engine/tool_execution.go:91.41,93.3 1 0
github.com/vaayne/anna/internal/agent/engine/tool_execution.go:95.2,95.21 1 8
github.com/vaayne/anna/internal/ai/events.go:16.38,16.56 1 1
github.com/vaayne/anna/internal/ai/events.go:24.42,24.65 1 1
github.com/vaayne/anna/internal/ai/events.go:33.42,33.65 1 1
github.com/vaayne/anna/internal/ai/events.go:42.40,42.61 1 1
github.com/vaayne/anna/internal/ai/events.go:50.46,50.73 1 1
github.com/vaayne/anna/internal/ai/events.go:59.46,59.73 1 1
github.com/vaayne/anna/internal/ai/events.go:68.44,68.69 1 1
github.com/vaayne/anna/internal/ai/events.go:76.46,76.73 1 1
github.com/vaayne/anna/internal/ai/events.go:87.46,87.73 1 1
github.com/vaayne/anna/internal/ai/events.go:96.44,96.69 1 1
github.com/vaayne/anna/internal/ai/events.go:103.38,103.56 1 1
github.com/vaayne/anna/internal/ai/events.go:111.37,111.54 1 1
github.com/vaayne/anna/internal/ai/events.go:119.38,119.56 1 1
github.com/vaayne/anna/internal/ai/events.go:124.37,124.54 1 1
github.com/vaayne/anna/internal/ai/message.go:26.46,26.63 1 1
github.com/vaayne/anna/internal/ai/message.go:35.50,35.71 1 1
github.com/vaayne/anna/internal/ai/message.go:43.47,43.65 1 1
github.com/vaayne/anna/internal/ai/message.go:46.41,48.2 1 1
github.com/vaayne/anna/internal/ai/message.go:58.43,58.64 1 1
github.com/vaayne/anna/internal/ai/message.go:72.41,72.58 1 1
github.com/vaayne/anna/internal/ai/message.go:86.46,86.68 1 1
github.com/vaayne/anna/internal/ai/message.go:98.47,98.64 1 1
github.com/vaayne/anna/internal/ai/message.go:101.43,102.27 1 5
github.com/vaayne/anna/internal/ai/message.go:102.27,103.36 1 4
github.com/vaayne/anna/internal/ai/message.go:103.36,105.4 1 2
github.com/vaayne/anna/internal/ai/message.go:107.2,107.14 1 3
github.com/vaayne/anna/internal/ai/message.go:111.48,113.31 2 6
github.com/vaayne/anna/internal/ai/message.go:113.31,114.55 1 8
github.com/vaayne/anna/internal/ai/message.go:114.55,116.4 1 6
github.com/vaayne/anna/internal/ai/message.go:118.2,118.33 1 6
github.com/vaayne/anna/internal/ai/provider.go:36.30,38.2 1 10
github.com/vaayne/anna/internal/ai/provider.go:46.34,47.24 1 2
github.com/vaayne/anna/internal/ai/provider.go:47.24,49.3 1 1
github.com/vaayne/anna/internal/ai/provider.go:50.2,50.24 1 2
github.com/vaayne/anna/internal/ai/provider.go:54.55,58.2 3 5
github.com/vaayne/anna/internal/ai/provider.go:61.60,66.2 4 9
github.com/vaayne/anna/internal/ai/provider.go:69.115,71.9 2 5
github.com/vaayne/anna/internal/ai/provider.go:71.9,73.3 1 2
github.com/vaayne/anna/internal/ai/provider.go:74.2,74.42 1 3
github.com/vaayne/anna/internal/ai/provider.go:78.127,80.9 2 2
github.com/vaayne/anna/internal/ai/provider.go:80.9,82.3 1 1
github.com/vaayne/anna/internal/ai/provider.go:83.2,83.48 1 1
github.com/vaayne/anna/internal/ai/provider.go:87.115,89.16 2 3
github.com/vaayne/anna/internal/ai/provider.go:89.16,91.3 1 1
github.com/vaayne/anna/internal/ai/provider.go:93.2,98.42 5 2
github.com/vaayne/anna/internal/ai/provider.go:98.42,99.28 1 7
github.com/vaayne/anna/internal/ai/provider.go:100.23,101.18 1 2
github.com/vaayne/anna/internal/ai/provider.go:102.27,103.26 1 1
github.com/vaayne/anna/internal/ai/provider.go:104.27,107.20 3 1
github.com/vaayne/anna/internal/ai/provider.go:107.20,109.5 1 1
github.com/vaayne/anna/internal/ai/provider.go:110.4,110.29 1 1
github.com/vaayne/anna/internal/ai/provider.go:110.29,112.5 1 1
github.com/vaayne/anna/internal/ai/provider.go:113.4,113.25 1 1
github.com/vaayne/anna/internal/ai/provider.go:113.25,115.5 1 1
github.com/vaayne/anna/internal/ai/provider.go:116.4,116.26 1 1
github.com/vaayne/anna/internal/ai/provider.go:117.19,118.23 1 1
github.com/vaayne/anna/internal/ai/provider.go:119.18,120.29 1 1
github.com/vaayne/anna/internal/ai/provider.go:121.19,122.20 1 1
github.com/vaayne/anna/internal/ai/provider.go:122.20,125.5 2 1
github.com/vaayne/anna/internal/ai/provider.go:129.2,129.51 1 2
github.com/vaayne/anna/internal/ai/provider.go:129.51,131.3 1 0
github.com/vaayne/anna/internal/ai/provider.go:133.2,133.16 1 2
github.com/vaayne/anna/internal/ai/provider.go:133.16,135.3 1 1
github.com/vaayne/anna/internal/ai/provider.go:136.2,136.20 1 2
github.com/vaayne/anna/internal/ai/provider.go:136.20,138.3 1 1
github.com/vaayne/anna/internal/ai/provider.go:139.2,139.33 1 2
github.com/vaayne/anna/internal/ai/provider.go:139.33,141.3 1 1
github.com/vaayne/anna/internal/ai/provider.go:143.2,143.17 1 2
github.com/vaayne/anna/internal/ai/provider.go:162.60,164.2 1 5
github.com/vaayne/anna/internal/ai/provider.go:167.61,169.2 1 4
github.com/vaayne/anna/internal/ai/provider.go:172.57,174.2 1 9
github.com/vaayne/anna/internal/ai/provider.go:177.48,181.19 4 4
github.com/vaayne/anna/internal/ai/provider.go:181.19,183.3 1 4
github.com/vaayne/anna/internal/ai/provider.go:187.44,188.19 1 2
github.com/vaayne/anna/internal/ai/provider.go:188.19,190.3 1 1
github.com/vaayne/anna/internal/ai/provider.go:191.2,191.12 1 2
github.com/vaayne/anna/internal/ai/provider.go:195.43,199.2 3 4
github.com/vaayne/anna/internal/ai/transform.go:6.54,10.26 3 2
github.com/vaayne/anna/internal/ai/transform.go:10.26,15.10 4 4
github.com/vaayne/anna/internal/ai/transform.go:15.10,16.12 1 2
github.com/vaayne/anna/internal/ai/transform.go:19.3,19.43 1 2
github.com/vaayne/anna/internal/ai/transform.go:19.43,21.11 2 2
github.com/vaayne/anna/internal/ai/transform.go:21.11,22.13 1 0
github.com/vaayne/anna/internal/ai/transform.go:24.4,24.48 1 2
github.com/vaayne/anna/internal/ai/transform.go:24.48,25.13 1 1
github.com/vaayne/anna/internal/ai/transform.go:27.4,35.6 1 1
github.com/vaayne/anna/internal/ai/transform.go:39.2,39.12 1 2
github.com/vaayne/anna/internal/ai/transform.go:42.78,43.41 1 2
github.com/vaayne/anna/internal/ai/transform.go:43.41,45.10 2 1
github.com/vaayne/anna/internal/ai/transform.go:45.10,46.12 1 0
github.com/vaayne/anna/internal/ai/transform.go:48.3,48.42 1 1
github.com/vaayne/anna/internal/ai/transform.go:48.42,50.4 1 1
github.com/vaayne/anna/internal/ai/transform.go:52.2,52.14 1 1
github.com/vaayne/anna/internal/ai/providers/openai/client.go:24.32,26.22 2 4
github.com/vaayne/anna/internal/ai/providers/openai/client.go:26.22,28.3 1 2
github.com/vaayne/anna/internal/ai/providers/openai/client.go:29.2,29.23 1 4
github.com/vaayne/anna/internal/ai/providers/openai/client.go:29.23,31.3 1 1
github.com/vaayne/anna/internal/ai/providers/openai/client.go:32.2,32.50 1 4
github.com/vaayne/anna/internal/ai/providers/openai/client.go:36.33,36.52 1 1
github.com/vaayne/anna/internal/ai/providers/openai/client.go:39.115,45.12 5 0
github.com/vaayne/anna/internal/ai/providers/openai/client.go:45.12,49.41 4 0
github.com/vaayne/anna/internal/ai/providers/openai/client.go:49.41,51.4 1 0
github.com/vaayne/anna/internal/ai/providers/openai/client.go:53.2,53.17 1 0
github.com/vaayne/anna/internal/ai/providers/openai/client.go:57.127,59.2 1 0
github.com/vaayne/anna/internal/ai/providers/openai/client.go:62.72,64.16 2 0
github.com/vaayne/anna/internal/ai/providers/openai/client.go:64.16,66.3 1 0
github.com/vaayne/anna/internal/ai/providers/openai/client.go:68.2,69.30 2 0
github.com/vaayne/anna/internal/ai/providers/openai/client.go:69.30,76.3 1 0
github.com/vaayne/anna/internal/ai/providers/openai/client.go:77.2,77.20 1 0
github.com/vaayne/anna/internal/ai/providers/openai/client.go:82.72,84.23 2 2
github.com/vaayne/anna/internal/ai/providers/openai/client.go:84.23,86.3 1 1
github.com/vaayne/anna/internal/ai/providers/openai/client.go:87.2,87.24 1 2
github.com/vaayne/anna/internal/ai/providers/openai/client.go:87.24,89.3 1 1
github.com/vaayne/anna/internal/ai/providers/openai/client.go:90.2,90.33 1 2
github.com/vaayne/anna/internal/ai/providers/openai/client.go:90.33,92.3 1 1
github.com/vaayne/anna/internal/ai/providers/openai/client.go:93.2,93.16 1 2
github.com/vaayne/anna/internal/ai/providers/openai/convert_messages.go:13.76,16.22 2 12
github.com/vaayne/anna/internal/ai/providers/openai/convert_messages.go:16.22,18.3 1 2
github.com/vaayne/anna/internal/ai/providers/openai/convert_messages.go:20.2,20.35 1 12
github.com/vaayne/anna/internal/ai/providers/openai/convert_messages.go:20.35,21.26 1 14
github.com/vaayne/anna/internal/ai/providers/openai/convert_messages.go:22.23,23.55 1 8
github.com/vaayne/anna/internal/ai/providers/openai/convert_messages.go:24.28,25.59 1 4
github.com/vaayne/anna/internal/ai/providers/openai/convert_messages.go:26.29,27.89 1 2
github.com/vaayne/anna/internal/ai/providers/openai/convert_messages.go:30.2,30.17 1 12
github.com/vaayne/anna/internal/ai/providers/openai/convert_messages.go:33.89,37.34 3 6
github.com/vaayne/anna/internal/ai/providers/openai/convert_messages.go:37.34,38.28 1 6
github.com/vaayne/anna/internal/ai/providers/openai/convert_messages.go:39.23,40.41 1 3
github.com/vaayne/anna/internal/ai/providers/openai/convert_messages.go:41.20,49.6 2 3
github.com/vaayne/anna/internal/ai/providers/openai/convert_messages.go:53.2,53.24 1 6
github.com/vaayne/anna/internal/ai/providers/openai/convert_messages.go:53.24,57.55 2 3
github.com/vaayne/anna/internal/ai/providers/openai/convert_messages.go:57.55,59.4 1 1
github.com/vaayne/anna/internal/ai/providers/openai/convert_messages.go:60.3,60.70 1 3
github.com/vaayne/anna/internal/ai/providers/openai/convert_messages.go:63.2,63.59 1 3
github.com/vaayne/anna/internal/ai/providers/openai/convert_messages.go:66.67,67.29 1 12
github.com/vaayne/anna/internal/ai/providers/openai/convert_messages.go:68.14,69.28 1 9
github.com/vaayne/anna/internal/ai/providers/openai/convert_messages.go:70.25,71.22 1 2
github.com/vaayne/anna/internal/ai/providers/openai/convert_messages.go:71.22,73.4 1 1
github.com/vaayne/anna/internal/ai/providers/openai/convert_messages.go:74.3,75.27 2 1
github.com/vaayne/anna/internal/ai/providers/openai/convert_messages.go:75.27,76.29 1 2
github.com/vaayne/anna/internal/ai/providers/openai/convert_messages.go:77.24,78.55 1 1
github.com/vaayne/anna/internal/ai/providers/openai/convert_messages.go:79.25,82.8 1 1
github.com/vaayne/anna/internal/ai/providers/openai/convert_messages.go:85.3,85.32 1 1
github.com/vaayne/anna/internal/ai/providers/openai/convert_messages.go:86.10,87.53 1 1
github.com/vaayne/anna/internal/ai/providers/openai/options.go:11.101,19.29 3 5
github.com/vaayne/anna/internal/ai/providers/openai/options.go:19.29,21.3 1 1
github.com/vaayne/anna/internal/ai/providers/openai/options.go:22.2,22.27 1 5
github.com/vaayne/anna/internal/ai/providers/openai/options.go:22.27,24.3 1 1
github.com/vaayne/anna/internal/ai/providers/openai/options.go:26.2,26.24 1 5
github.com/vaayne/anna/internal/ai/providers/openai/options.go:26.24,28.3 1 1
github.com/vaayne/anna/internal/ai/providers/openai/options.go:30.2,30.15 1 5
github.com/vaayne/anna/internal/ai/providers/openai/options.go:33.78,35.26 2 3
github.com/vaayne/anna/internal/ai/providers/openai/options.go:35.26,43.3 1 3
github.com/vaayne/anna/internal/ai/providers/openai/options.go:44.2,44.12 1 3
github.com/vaayne/anna/internal/ai/providers/openai/stream.go:9.102,14.23 2 0
github.com/vaayne/anna/internal/ai/providers/openai/stream.go:14.23,16.48 2 0
github.com/vaayne/anna/internal/ai/providers/openai/stream.go:16.48,18.4 1 0
github.com/vaayne/anna/internal/ai/providers/openai/stream.go:22.92,25.39 2 4
github.com/vaayne/anna/internal/ai/providers/openai/stream.go:25.39,27.26 2 4
github.com/vaayne/anna/internal/ai/providers/openai/stream.go:27.26,29.4 1 1
github.com/vaayne/anna/internal/ai/providers/openai/stream.go:30.3,30.38 1 4
github.com/vaayne/anna/internal/ai/providers/openai/stream.go:30.38,32.19 2 3
github.com/vaayne/anna/internal/ai/providers/openai/stream.go:32.19,34.5 1 2
github.com/vaayne/anna/internal/ai/providers/openai/stream.go:35.4,39.6 1 3
github.com/vaayne/anna/internal/ai/providers/openai/stream.go:41.3,41.32 1 4
github.com/vaayne/anna/internal/ai/providers/openai/stream.go:41.32,43.4 1 2
github.com/vaayne/anna/internal/ai/providers/openai/stream.go:46.2,46.101 1 4
github.com/vaayne/anna/internal/ai/providers/openai/stream.go:46.101,52.3 1 1
github.com/vaayne/anna/internal/ai/providers/openai/stream.go:54.2,54.15 1 4
github.com/vaayne/anna/internal/ai/providers/openai/stream.go:57.49,58.16 1 6
github.com/vaayne/anna/internal/ai/providers/openai/stream.go:59.14,60.27 1 2
github.com/vaayne/anna/internal/ai/providers/openai/stream.go:61.16,62.29 1 1
github.com/vaayne/anna/internal/ai/providers/openai/stream.go:63.20,64.30 1 2
github.com/vaayne/anna/internal/ai/providers/openai/stream.go:65.10,66.27 1 1
github.com/vaayne/anna/internal/ai/providers/openai-response/client.go:27.32,31.22 2 4
github.com/vaayne/anna/internal/ai/providers/openai-response/client.go:31.22,33.3 1 2
github.com/vaayne/anna/internal/ai/providers/openai-response/client.go:34.2,34.23 1 4
github.com/vaayne/anna/internal/ai/providers/openai-response/client.go:34.23,36.3 1 1
github.com/vaayne/anna/internal/ai/providers/openai-response/client.go:37.2,37.50 1 4
github.com/vaayne/anna/internal/ai/providers/openai-response/client.go:42.98,44.51 2 0
github.com/vaayne/anna/internal/ai/providers/openai-response/client.go:44.51,46.3 1 0
github.com/vaayne/anna/internal/ai/providers/openai-response/client.go:47.2,47.60 1 0
github.com/vaayne/anna/internal/ai/providers/openai-response/client.go:47.60,49.3 1 0
github.com/vaayne/anna/internal/ai/providers/openai-response/client.go:50.2,51.18 2 0
github.com/vaayne/anna/internal/ai/providers/openai-response/client.go:59.62,60.15 1 4
github.com/vaayne/anna/internal/ai/providers/openai-response/client.go:60.15,62.3 1 1
github.com/vaayne/anna/internal/ai/providers/openai-response/client.go:63.2,64.11 2 3
github.com/vaayne/anna/internal/ai/providers/openai-response/client.go:64.11,68.18 4 3
github.com/vaayne/anna/internal/ai/providers/openai-response/client.go:68.18,71.4 2 2
github.com/vaayne/anna/internal/ai/providers/openai-response/client.go:72.3,72.12 1 3
github.com/vaayne/anna/internal/ai/providers/openai-response/client.go:72.12,74.4 1 3
github.com/vaayne/anna/internal/ai/providers/openai-response/client.go:76.2,76.15 1 3
github.com/vaayne/anna/internal/ai/providers/openai-response/client.go:79.48,81.2 1 1
github.com/vaayne/anna/internal/ai/providers/openai-response/client.go:84.33,84.61 1 1
github.com/vaayne/anna/internal/ai/providers/openai-response/client.go:87.115,93.12 5 0
github.com/vaayne/anna/internal/ai/providers/openai-response/client.go:93.12,97.41 4 0
github.com/vaayne/anna/internal/ai/providers/openai-response/client.go:97.41,99.4 1 0
github.com/vaayne/anna/internal/ai/providers/openai-response/client.go:101.2,101.17 1 0
github.com/vaayne/anna/internal/ai/providers/openai-response/client.go:105.127,107.2 1 0
github.com/vaayne/anna/internal/ai/providers/openai-response/client.go:110.72,112.16 2 0
github.com/vaayne/anna/internal/ai/providers/openai-response/client.go:112.16,114.3 1 0
github.com/vaayne/anna/internal/ai/providers/openai-response/client.go:116.2,117.30 2 0
github.com/vaayne/anna/internal/ai/providers/openai-response/client.go:117.30,124.3 1 0
github.com/vaayne/anna/internal/ai/providers/openai-response/client.go:125.2,125.20 1 0
github.com/vaayne/anna/internal/ai/providers/openai-response/client.go:130.72,132.23 2 4
github.com/vaayne/anna/internal/ai/providers/openai-response/client.go:132.23,134.3 1 2
github.com/vaayne/anna/internal/ai/providers/openai-response/client.go:135.2,135.24 1 4
github.com/vaayne/anna/internal/ai/providers/openai-response/client.go:135.24,137.3 1 2
github.com/vaayne/anna/internal/ai/providers/openai-response/client.go:138.2,138.33 1 4
github.com/vaayne/anna/internal/ai/providers/openai-response/client.go:138.33,140.3 1 2
github.com/vaayne/anna/internal/ai/providers/openai-response/client.go:141.2,141.16 1 4
github.com/vaayne/anna/internal/ai/providers/openai-response/convert_messages.go:13.67,16.35 2 11
github.com/vaayne/anna/internal/ai/providers/openai-response/convert_messages.go:16.35,17.26 1 13
github.com/vaayne/anna/internal/ai/providers/openai-response/convert_messages.go:18.23,19.49 1 7
github.com/vaayne/anna/internal/ai/providers/openai-response/convert_messages.go:20.28,21.56 1 4
github.com/vaayne/anna/internal/ai/providers/openai-response/convert_messages.go:22.29,28.6 1 2
github.com/vaayne/anna/internal/ai/providers/openai-response/convert_messages.go:31.2,31.14 1 11
github.com/vaayne/anna/internal/ai/providers/openai-response/convert_messages.go:34.82,38.34 3 6
github.com/vaayne/anna/internal/ai/providers/openai-response/convert_messages.go:38.34,39.28 1 6
github.com/vaayne/anna/internal/ai/providers/openai-response/convert_messages.go:40.23,41.41 1 3
github.com/vaayne/anna/internal/ai/providers/openai-response/convert_messages.go:42.20,50.6 2 3
github.com/vaayne/anna/internal/ai/providers/openai-response/convert_messages.go:54.2,54.54 1 6
github.com/vaayne/anna/internal/ai/providers/openai-response/convert_messages.go:54.54,63.3 1 3
github.com/vaayne/anna/internal/ai/providers/openai-response/convert_messages.go:65.2,65.14 1 6
github.com/vaayne/anna/internal/ai/providers/openai-response/convert_messages.go:68.69,69.66 1 11
github.com/vaayne/anna/internal/ai/providers/openai-response/convert_messages.go:69.66,78.3 1 10
github.com/vaayne/anna/internal/ai/providers/openai-response/convert_messages.go:80.2,80.29 1 11
github.com/vaayne/anna/internal/ai/providers/openai-response/convert_messages.go:81.14,82.20 1 8
github.com/vaayne/anna/internal/ai/providers/openai-response/convert_messages.go:83.25,84.22 1 2
github.com/vaayne/anna/internal/ai/providers/openai-response/convert_messages.go:84.22,86.4 1 1
github.com/vaayne/anna/internal/ai/providers/openai-response/convert_messages.go:87.3,88.27 2 1
github.com/vaayne/anna/internal/ai/providers/openai-response/convert_messages.go:88.27,89.29 1 2
github.com/vaayne/anna/internal/ai/providers/openai-response/convert_messages.go:90.24,91.82 1 1
github.com/vaayne/anna/internal/ai/providers/openai-response/convert_messages.go:92.25,98.31 2 1
github.com/vaayne/anna/internal/ai/providers/openai-response/convert_messages.go:101.3,108.4 1 1
github.com/vaayne/anna/internal/ai/providers/openai-response/convert_messages.go:109.10,110.45 1 1
github.com/vaayne/anna/internal/ai/providers/openai-response/options.go:11.101,21.22 3 5
github.com/vaayne/anna/internal/ai/providers/openai-response/options.go:21.22,23.3 1 1
github.com/vaayne/anna/internal/ai/providers/openai-response/options.go:25.2,25.29 1 5
github.com/vaayne/anna/internal/ai/providers/openai-response/options.go:25.29,27.3 1 1
github.com/vaayne/anna/internal/ai/providers/openai-response/options.go:28.2,28.27 1 5
github.com/vaayne/anna/internal/ai/providers/openai-response/options.go:28.27,30.3 1 1
github.com/vaayne/anna/internal/ai/providers/openai-response/options.go:32.2,32.24 1 5
github.com/vaayne/anna/internal/ai/providers/openai-response/options.go:32.24,34.3 1 1
github.com/vaayne/anna/internal/ai/providers/openai-response/options.go:36.2,36.15 1 5
github.com/vaayne/anna/internal/ai/providers/openai-response/options.go:39.75,41.26 2 3
github.com/vaayne/anna/internal/ai/providers/openai-response/options.go:41.26,49.3 1 3
github.com/vaayne/anna/internal/ai/providers/openai-response/options.go:50.2,50.12 1 3
github.com/vaayne/anna/internal/ai/providers/openai-response/stream.go:9.113,13.23 2 0
github.com/vaayne/anna/internal/ai/providers/openai-response/stream.go:13.23,15.49 2 0
github.com/vaayne/anna/internal/ai/providers/openai-response/stream.go:15.49,17.4 1 0
github.com/vaayne/anna/internal/ai/providers/openai-response/stream.go:21.107,24.20 2 8
github.com/vaayne/anna/internal/ai/providers/openai-response/stream.go:25.36,26.33 1 1
github.com/vaayne/anna/internal/ai/providers/openai-response/stream.go:26.33,28.4 1 1
github.com/vaayne/anna/internal/ai/providers/openai-response/stream.go:30.36,31.41 1 2
github.com/vaayne/anna/internal/ai/providers/openai-response/stream.go:31.41,38.4 2 2
github.com/vaayne/anna/internal/ai/providers/openai-response/stream.go:40.48,42.49 2 2
github.com/vaayne/anna/internal/ai/providers/openai-response/stream.go:42.49,44.4 1 2
github.com/vaayne/anna/internal/ai/providers/openai-response/stream.go:45.3,48.5 1 2
github.com/vaayne/anna/internal/ai/providers/openai-response/stream.go:50.47,50.47 0 0
github.com/vaayne/anna/internal/ai/providers/openai-response/stream.go:53.28,55.79 2 1
github.com/vaayne/anna/internal/ai/providers/openai-response/stream.go:55.79,61.4 1 1
github.com/vaayne/anna/internal/ai/providers/openai-response/stream.go:62.3,62.86 1 1
github.com/vaayne/anna/internal/ai/providers/openai-response/stream.go:64.25,65.68 1 1
github.com/vaayne/anna/internal/ai/providers/openai-response/stream.go:67.29,68.69 1 1
github.com/vaayne/anna/internal/ai/providers/openai-response/stream.go:71.2,71.15 1 8
github.com/vaayne/anna/internal/ai/providers/openai-response/stream.go:74.67,75.16 1 1
github.com/vaayne/anna/internal/ai/providers/openai-response/stream.go:76.41,77.27 1 1
github.com/vaayne/anna/internal/ai/providers/openai-response/stream.go:78.42,79.29 1 0
github.com/vaayne/anna/internal/ai/providers/openai-response/stream.go:80.38,81.28 1 0
github.com/vaayne/anna/internal/ai/providers/openai-response/stream.go:82.10,83.27 1 0
github.com/vaayne/anna/cmd/anna-plugin/channel.go:31.64,33.2 1 0
github.com/vaayne/anna/cmd/anna-plugin/channel.go:35.98,37.2 1 0
github.com/vaayne/anna/cmd/anna-plugin/channel.go:52.113,54.16 2 0
github.com/vaayne/anna/cmd/anna-plugin/channel.go:54.16,56.3 1 0
github.com/vaayne/anna/cmd/anna-plugin/channel.go:58.2,59.16 2 0
github.com/vaayne/anna/cmd/anna-plugin/channel.go:59.16,61.3 1 0
github.com/vaayne/anna/cmd/anna-plugin/channel.go:63.2,63.14 1 0
github.com/vaayne/anna/cmd/anna-plugin/channel.go:64.18,66.36 2 0
github.com/vaayne/anna/cmd/anna-plugin/channel.go:66.36,68.4 1 0
github.com/vaayne/anna/cmd/anna-plugin/channel.go:69.3,76.17 2 0
github.com/vaayne/anna/cmd/anna-plugin/channel.go:76.17,78.4 1 0
github.com/vaayne/anna/cmd/anna-plugin/channel.go:79.3,79.50 1 0
github.com/vaayne/anna/cmd/anna-plugin/channel.go:81.12,83.59 2 0
github.com/vaayne/anna/cmd/anna-plugin/channel.go:83.59,85.4 1 0
github.com/vaayne/anna/cmd/anna-plugin/channel.go:86.3,93.17 2 0
github.com/vaayne/anna/cmd/anna-plugin/channel.go:93.17,95.4 1 0
github.com/vaayne/anna/cmd/anna-plugin/channel.go:96.3,96.50 1 0
github.com/vaayne/anna/cmd/anna-plugin/channel.go:98.16,100.59 2 0
github.com/vaayne/anna/cmd/anna-plugin/channel.go:100.59,102.4 1 0
github.com/vaayne/anna/cmd/anna-plugin/channel.go:103.3,104.32 2 0
github.com/vaayne/anna/cmd/anna-plugin/channel.go:104.32,111.4 1 0
github.com/vaayne/anna/cmd/anna-plugin/channel.go:112.3,122.17 2 0
github.com/vaayne/anna/cmd/anna-plugin/channel.go:122.17,124.4 1 0
github.com/vaayne/anna/cmd/anna-plugin/channel.go:125.3,125.50 1 0
github.com/vaayne/anna/cmd/anna-plugin/channel.go:127.16,129.39 2 0
github.com/vaayne/anna/cmd/anna-plugin/channel.go:129.39,131.4 1 0
github.com/vaayne/anna/cmd/anna-plugin/channel.go:132.3,140.17 2 0
github.com/vaayne/anna/cmd/anna-plugin/channel.go:140.17,142.4 1 0
github.com/vaayne/anna/cmd/anna-plugin/channel.go:143.3,143.50 1 0
github.com/vaayne/anna/cmd/anna-plugin/channel.go:146.2,146.104 1 0
github.com/vaayne/anna/cmd/anna-plugin/channel.go:149.103,152.16 3 0
github.com/vaayne/anna/cmd/anna-plugin/channel.go:152.16,154.3 1 0
github.com/vaayne/anna/cmd/anna-plugin/channel.go:156.2,157.48 2 0
github.com/vaayne/anna/cmd/anna-plugin/channel.go:157.48,159.3 1 0
github.com/vaayne/anna/cmd/anna-plugin/channel.go:161.2,162.58 2 0
github.com/vaayne/anna/cmd/anna-plugin/channel.go:162.58,164.3 1 0
github.com/vaayne/anna/cmd/anna-plugin/channel.go:165.2,166.16 2 0
github.com/vaayne/anna/cmd/anna-plugin/channel.go:166.16,168.3 1 0
github.com/vaayne/anna/cmd/anna-plugin/channel.go:170.2,171.36 2 0
github.com/vaayne/anna/cmd/anna-plugin/channel.go:171.36,173.3 1 0
github.com/vaayne/anna/cmd/anna-plugin/channel.go:174.2,177.16 3 0
github.com/vaayne/anna/cmd/anna-plugin/channel.go:177.16,179.3 1 0
github.com/vaayne/anna/cmd/anna-plugin/channel.go:181.2,189.32 6 0
github.com/vaayne/anna/cmd/anna-plugin/channel.go:189.32,191.3 1 0
github.com/vaayne/anna/cmd/anna-plugin/channel.go:193.2,195.43 3 0
github.com/vaayne/anna/cmd/anna-plugin/channel.go:195.43,197.3 1 0
github.com/vaayne/anna/cmd/anna-plugin/channel.go:199.2,209.46 3 0
github.com/vaayne/anna/cmd/anna-plugin/channel.go:209.46,211.3 1 0
github.com/vaayne/anna/cmd/anna-plugin/channel.go:213.2,214.17 2 0
github.com/vaayne/anna/cmd/anna-plugin/channel.go:214.17,216.3 1 0
github.com/vaayne/anna/cmd/anna-plugin/channel.go:218.2,218.47 1 0
github.com/vaayne/anna/cmd/anna-plugin/channel.go:218.47,220.3 1 0
github.com/vaayne/anna/cmd/anna-plugin/channel.go:221.2,221.49 1 0
github.com/vaayne/anna/cmd/anna-plugin/channel.go:221.49,225.78 3 0
github.com/vaayne/anna/cmd/anna-plugin/channel.go:225.78,228.4 2 0
github.com/vaayne/anna/cmd/anna-plugin/channel.go:230.3,231.17 2 0
github.com/vaayne/anna/cmd/anna-plugin/channel.go:231.17,233.4 1 0
github.com/vaayne/anna/cmd/anna-plugin/channel.go:234.3,236.13 3 0
github.com/vaayne/anna/cmd/anna-plugin/channel.go:239.2,240.16 2 0
github.com/vaayne/anna/cmd/anna-plugin/channel.go:240.16,242.3 1 0
github.com/vaayne/anna/cmd/anna-plugin/channel.go:244.2,255.8 1 0
github.com/vaayne/anna/cmd/anna-plugin/channel.go:258.119,262.38 3 0
github.com/vaayne/anna/cmd/anna-plugin/channel.go:262.38,264.16 2 0
github.com/vaayne/anna/cmd/anna-plugin/channel.go:264.16,266.4 1 0
github.com/vaayne/anna/cmd/anna-plugin/channel.go:267.3,268.87 2 0
github.com/vaayne/anna/cmd/anna-plugin/channel.go:271.2,273.56 2 0
github.com/vaayne/anna/cmd/anna-plugin/channel.go:273.56,274.34 1 0
github.com/vaayne/anna/cmd/anna-plugin/channel.go:274.34,276.4 1 0
github.com/vaayne/anna/cmd/anna-plugin/channel.go:277.3,277.16 1 0
github.com/vaayne/anna/cmd/anna-plugin/channel.go:280.2,281.16 2 0
github.com/vaayne/anna/cmd/anna-plugin/channel.go:281.16,282.34 1 0
github.com/vaayne/anna/cmd/anna-plugin/channel.go:282.34,284.4 1 0
github.com/vaayne/anna/cmd/anna-plugin/channel.go:287.2,287.15 1 0
github.com/vaayne/anna/cmd/anna-plugin/main.go:13.13,27.41 3 0
github.com/vaayne/anna/cmd/anna-plugin/main.go:27.41,30.3 2 0
github.com/vaayne/anna/cmd/anna-plugin/main.go:33.37,41.39 1 0
github.com/vaayne/anna/cmd/anna-plugin/main.go:41.39,43.18 2 0
github.com/vaayne/anna/cmd/anna-plugin/main.go:43.18,45.5 1 0
github.com/vaayne/anna/cmd/anna-plugin/main.go:47.4,48.21 2 0
github.com/vaayne/anna/cmd/anna-plugin/main.go:48.21,50.5 1 0
github.com/vaayne/anna/cmd/anna-plugin/main.go:51.4,52.25 2 0
github.com/vaayne/anna/cmd/anna-plugin/main.go:52.25,54.5 1 0
github.com/vaayne/anna/cmd/anna-plugin/main.go:56.4,57.18 2 0
github.com/vaayne/anna/cmd/anna-plugin/main.go:57.18,59.5 1 0
github.com/vaayne/anna/cmd/anna-plugin/main.go:61.4,61.80 1 0
github.com/vaayne/anna/cmd/anna-plugin/main.go:66.34,74.39 1 0
github.com/vaayne/anna/cmd/anna-plugin/main.go:74.39,76.18 2 0
github.com/vaayne/anna/cmd/anna-plugin/main.go:76.18,78.5 1 0
github.com/vaayne/anna/cmd/anna-plugin/main.go:80.4,81.21 2 0
github.com/vaayne/anna/cmd/anna-plugin/main.go:81.21,83.5 1 0
github.com/vaayne/anna/cmd/anna-plugin/main.go:84.4,85.25 2 0
github.com/vaayne/anna/cmd/anna-plugin/main.go:85.25,87.5 1 0
github.com/vaayne/anna/cmd/anna-plugin/main.go:89.4,90.18 2 0
github.com/vaayne/anna/cmd/anna-plugin/main.go:90.18,92.5 1 0
github.com/vaayne/anna/cmd/anna-plugin/main.go:94.4,94.77 1 0
github.com/vaayne/anna/internal/agent/runner/builtin/embed.go:17.36,19.46 1 0
github.com/vaayne/anna/internal/agent/runner/builtin/embed.go:19.46,21.3 1 0
github.com/vaayne/anna/internal/agent/runner/builtin/embed.go:23.2,23.85 1 0
github.com/vaayne/anna/internal/agent/runner/builtin/embed.go:23.85,24.17 1 0
github.com/vaayne/anna/internal/agent/runner/builtin/embed.go:24.17,26.4 1 0
github.com/vaayne/anna/internal/agent/runner/builtin/embed.go:28.3,30.16 2 0
github.com/vaayne/anna/internal/agent/runner/builtin/embed.go:30.16,32.4 1 0
github.com/vaayne/anna/internal/agent/runner/builtin/embed.go:34.3,35.17 2 0
github.com/vaayne/anna/internal/agent/runner/builtin/embed.go:35.17,37.4 1 0
github.com/vaayne/anna/internal/agent/runner/builtin/embed.go:39.3,39.43 1 0
github.com/vaayne/anna/internal/auth/condition.go:29.72,30.52 1 61
github.com/vaayne/anna/internal/auth/condition.go:30.52,32.3 1 33
github.com/vaayne/anna/internal/auth/condition.go:34.2,35.76 2 28
github.com/vaayne/anna/internal/auth/condition.go:35.76,38.3 2 1
github.com/vaayne/anna/internal/auth/condition.go:40.2,40.26 1 27
github.com/vaayne/anna/internal/auth/condition.go:40.26,42.3 1 0
github.com/vaayne/anna/internal/auth/condition.go:44.2,44.40 1 27
github.com/vaayne/anna/internal/auth/condition.go:44.40,46.33 2 28
github.com/vaayne/anna/internal/auth/condition.go:46.33,47.43 1 28
github.com/vaayne/anna/internal/auth/condition.go:47.43,49.5 1 15
github.com/vaayne/anna/internal/auth/condition.go:53.2,53.13 1 12
github.com/vaayne/anna/internal/auth/condition.go:59.62,61.21 2 44
github.com/vaayne/anna/internal/auth/condition.go:61.21,63.3 1 1
github.com/vaayne/anna/internal/auth/condition.go:65.2,67.16 2 43
github.com/vaayne/anna/internal/auth/condition.go:68.17,69.48 1 16
github.com/vaayne/anna/internal/auth/condition.go:70.18,71.50 1 26
github.com/vaayne/anna/internal/auth/condition.go:72.10,73.12 1 1
github.com/vaayne/anna/internal/auth/condition.go:78.57,79.15 1 17
github.com/vaayne/anna/internal/auth/condition.go:80.12,81.41 1 7
github.com/vaayne/anna/internal/auth/condition.go:82.15,85.19 2 2
github.com/vaayne/anna/internal/auth/condition.go:86.19,88.19 2 7
github.com/vaayne/anna/internal/auth/condition.go:89.10,90.21 1 1
github.com/vaayne/anna/internal/auth/condition.go:90.21,92.4 1 1
github.com/vaayne/anna/internal/auth/condition.go:93.3,93.12 1 0
github.com/vaayne/anna/internal/auth/condition.go:98.59,99.15 1 28
github.com/vaayne/anna/internal/auth/condition.go:100.14,101.24 1 0
github.com/vaayne/anna/internal/auth/condition.go:102.12,103.14 1 7
github.com/vaayne/anna/internal/auth/condition.go:104.18,105.42 1 7
github.com/vaayne/anna/internal/auth/condition.go:106.10,107.21 1 14
github.com/vaayne/anna/internal/auth/condition.go:107.21,109.4 1 12
github.com/vaayne/anna/internal/auth/condition.go:110.3,110.12 1 2
github.com/vaayne/anna/internal/auth/condition.go:116.71,117.12 1 28
github.com/vaayne/anna/internal/auth/condition.go:118.12,120.29 2 14
github.com/vaayne/anna/internal/auth/condition.go:122.13,124.29 2 2
github.com/vaayne/anna/internal/auth/condition.go:126.12,130.35 2 7
github.com/vaayne/anna/internal/auth/condition.go:130.35,131.23 1 10
github.com/vaayne/anna/internal/auth/condition.go:131.23,133.5 1 3
github.com/vaayne/anna/internal/auth/condition.go:135.3,135.15 1 4
github.com/vaayne/anna/internal/auth/condition.go:137.15,139.35 2 2
github.com/vaayne/anna/internal/auth/condition.go:139.35,140.23 1 3
github.com/vaayne/anna/internal/auth/condition.go:140.23,142.5 1 1
github.com/vaayne/anna/internal/auth/condition.go:144.3,144.14 1 1
github.com/vaayne/anna/internal/auth/condition.go:146.18,150.39 3 2
github.com/vaayne/anna/internal/auth/condition.go:150.39,151.24 1 3
github.com/vaayne/anna/internal/auth/condition.go:151.24,153.5 1 1
github.com/vaayne/anna/internal/auth/condition.go:155.3,155.15 1 1
github.com/vaayne/anna/internal/auth/condition.go:157.10,159.15 2 1
github.com/vaayne/anna/internal/auth/condition.go:166.56,168.24 2 18
github.com/vaayne/anna/internal/auth/condition.go:168.24,170.3 1 7
github.com/vaayne/anna/internal/auth/condition.go:171.2,171.25 1 11
github.com/vaayne/anna/internal/auth/condition.go:179.61,181.31 1 11
github.com/vaayne/anna/internal/auth/condition.go:181.31,183.19 2 9
github.com/vaayne/anna/internal/auth/condition.go:183.19,185.4 1 7
github.com/vaayne/anna/internal/auth/condition.go:187.3,188.52 2 9
github.com/vaayne/anna/internal/auth/condition.go:188.52,190.26 2 9
github.com/vaayne/anna/internal/auth/condition.go:190.26,192.5 1 17
github.com/vaayne/anna/internal/auth/condition.go:193.4,193.17 1 9
github.com/vaayne/anna/internal/auth/condition.go:196.3,196.28 1 0
github.com/vaayne/anna/internal/auth/condition.go:200.2,200.32 1 2
github.com/vaayne/anna/internal/auth/condition.go:200.32,202.25 2 2
github.com/vaayne/anna/internal/auth/condition.go:202.25,204.4 1 4
github.com/vaayne/anna/internal/auth/condition.go:205.3,205.16 1 2
github.com/vaayne/anna/internal/auth/condition.go:208.2,208.12 1 0
github.com/vaayne/anna/internal/auth/condition.go:212.31,214.2 1 27
github.com/vaayne/anna/internal/auth/condition.go:217.32,218.14 1 53
github.com/vaayne/anna/internal/auth/condition.go:218.14,220.3 1 1
github.com/vaayne/anna/internal/auth/condition.go:221.2,221.25 1 52
github.com/vaayne/anna/internal/auth/condition.go:222.14,223.13 1 46
github.com/vaayne/anna/internal/auth/condition.go:224.15,225.33 1 2
github.com/vaayne/anna/internal/auth/condition.go:225.33,227.4 1 1
github.com/vaayne/anna/internal/auth/condition.go:228.3,228.47 1 1
github.com/vaayne/anna/internal/auth/condition.go:229.13,230.36 1 1
github.com/vaayne/anna/internal/auth/condition.go:231.11,232.27 1 1
github.com/vaayne/anna/internal/auth/condition.go:233.12,234.33 1 2
github.com/vaayne/anna/internal/auth/condition.go:235.10,236.32 1 0
github.com/vaayne/anna/internal/auth/engine.go:24.77,26.16 2 1
github.com/vaayne/anna/internal/auth/engine.go:26.16,28.3 1 0
github.com/vaayne/anna/internal/auth/engine.go:30.2,30.43 1 1
github.com/vaayne/anna/internal/auth/engine.go:30.43,31.51 1 8
github.com/vaayne/anna/internal/auth/engine.go:31.51,33.4 1 1
github.com/vaayne/anna/internal/auth/engine.go:34.3,34.41 1 7
github.com/vaayne/anna/internal/auth/engine.go:37.2,37.47 1 1
github.com/vaayne/anna/internal/auth/engine.go:42.61,45.41 3 16
github.com/vaayne/anna/internal/auth/engine.go:45.41,46.47 1 123
github.com/vaayne/anna/internal/auth/engine.go:46.47,48.4 1 14
github.com/vaayne/anna/internal/auth/engine.go:49.3,49.37 1 109
github.com/vaayne/anna/internal/auth/engine.go:51.2,51.40 1 16
github.com/vaayne/anna/internal/auth/engine.go:61.71,64.31 2 41
github.com/vaayne/anna/internal/auth/engine.go:64.31,65.31 1 273
github.com/vaayne/anna/internal/auth/engine.go:65.31,66.12 1 233
github.com/vaayne/anna/internal/auth/engine.go:69.3,69.45 1 40
github.com/vaayne/anna/internal/auth/engine.go:69.45,70.12 1 6
github.com/vaayne/anna/internal/auth/engine.go:73.3,73.29 1 34
github.com/vaayne/anna/internal/auth/engine.go:73.29,78.4 2 3
github.com/vaayne/anna/internal/auth/engine.go:80.3,80.30 1 31
github.com/vaayne/anna/internal/auth/engine.go:80.30,82.4 1 31
github.com/vaayne/anna/internal/auth/engine.go:85.2,85.14 1 38
github.com/vaayne/anna/internal/auth/engine.go:85.14,87.3 1 30
github.com/vaayne/anna/internal/auth/engine.go:89.2,92.14 2 8
github.com/vaayne/anna/internal/auth/engine.go:96.75,97.21 1 2
github.com/vaayne/anna/internal/auth/engine.go:97.21,99.3 1 1
github.com/vaayne/anna/internal/auth/engine.go:100.2,100.24 1 1
github.com/vaayne/anna/internal/auth/engine.go:105.72,109.2 1 273
github.com/vaayne/anna/internal/auth/engine.go:118.63,119.48 1 280
github.com/vaayne/anna/internal/auth/engine.go:119.48,121.3 1 2
github.com/vaayne/anna/internal/auth/engine.go:123.2,124.66 2 278
github.com/vaayne/anna/internal/auth/engine.go:124.66,127.3 2 1
github.com/vaayne/anna/internal/auth/engine.go:129.2,129.24 1 277
github.com/vaayne/anna/internal/auth/engine.go:129.24,131.3 1 1
github.com/vaayne/anna/internal/auth/engine.go:133.2,133.30 1 276
github.com/vaayne/anna/internal/auth/engine.go:133.30,134.16 1 276
github.com/vaayne/anna/internal/auth/engine.go:134.16,136.4 1 2
github.com/vaayne/anna/internal/auth/engine.go:137.3,137.36 1 274
github.com/vaayne/anna/internal/auth/engine.go:137.36,138.16 1 275
github.com/vaayne/anna/internal/auth/engine.go:138.16,140.5 1 96
github.com/vaayne/anna/internal/auth/engine.go:144.2,144.14 1 178
github.com/vaayne/anna/internal/auth/engine.go:149.59,150.46 1 102
github.com/vaayne/anna/internal/auth/engine.go:150.46,152.3 1 2
github.com/vaayne/anna/internal/auth/engine.go:154.2,155.70 2 100
github.com/vaayne/anna/internal/auth/engine.go:155.70,158.3 2 1
github.com/vaayne/anna/internal/auth/engine.go:160.2,160.23 1 99
github.com/vaayne/anna/internal/auth/engine.go:160.23,162.3 1 0
github.com/vaayne/anna/internal/auth/engine.go:164.2,165.28 2 99
github.com/vaayne/anna/internal/auth/engine.go:165.28,166.33 1 152
github.com/vaayne/anna/internal/auth/engine.go:166.33,168.4 1 69
github.com/vaayne/anna/internal/auth/engine.go:171.2,171.14 1 30
github.com/vaayne/anna/internal/auth/engine.go:176.67,177.50 1 72
github.com/vaayne/anna/internal/auth/engine.go:177.50,179.3 1 1
github.com/vaayne/anna/internal/auth/engine.go:181.2,182.74 2 71
github.com/vaayne/anna/internal/auth/engine.go:182.74,185.3 2 1
github.com/vaayne/anna/internal/auth/engine.go:187.2,187.25 1 70
github.com/vaayne/anna/internal/auth/engine.go:187.25,189.3 1 0
github.com/vaayne/anna/internal/auth/engine.go:191.2,192.30 2 70
github.com/vaayne/anna/internal/auth/engine.go:192.30,193.31 1 71
github.com/vaayne/anna/internal/auth/engine.go:193.31,195.4 1 42
github.com/vaayne/anna/internal/auth/engine.go:198.2,198.14 1 28
github.com/vaayne/anna/internal/auth/linkcode.go:39.40,41.2 1 7
github.com/vaayne/anna/internal/auth/linkcode.go:45.86,46.15 1 2
github.com/vaayne/anna/internal/auth/linkcode.go:46.15,48.3 1 0
github.com/vaayne/anna/internal/auth/linkcode.go:50.2,51.48 2 2
github.com/vaayne/anna/internal/auth/linkcode.go:51.48,53.3 1 0
github.com/vaayne/anna/internal/auth/linkcode.go:54.2,54.19 1 2
github.com/vaayne/anna/internal/auth/linkcode.go:59.72,61.17 2 107
github.com/vaayne/anna/internal/auth/linkcode.go:61.17,62.88 1 1
github.com/vaayne/anna/internal/auth/linkcode.go:62.88,65.4 2 0
github.com/vaayne/anna/internal/auth/linkcode.go:66.3,66.14 1 1
github.com/vaayne/anna/internal/auth/linkcode.go:69.2,74.13 2 106
github.com/vaayne/anna/internal/auth/linkcode.go:80.68,82.17 2 8
github.com/vaayne/anna/internal/auth/linkcode.go:82.17,84.3 1 1
github.com/vaayne/anna/internal/auth/linkcode.go:86.2,87.9 2 7
github.com/vaayne/anna/internal/auth/linkcode.go:87.9,89.3 1 2
github.com/vaayne/anna/internal/auth/linkcode.go:90.2,91.38 2 5
github.com/vaayne/anna/internal/auth/linkcode.go:91.38,93.3 1 0
github.com/vaayne/anna/internal/auth/linkcode.go:94.2,94.43 1 5
github.com/vaayne/anna/internal/auth/linkcode.go:99.32,101.30 2 9
github.com/vaayne/anna/internal/auth/linkcode.go:101.30,103.3 1 4
github.com/vaayne/anna/internal/auth/linkcode.go:104.2,104.22 1 5
github.com/vaayne/anna/internal/auth/linkcode.go:104.22,105.25 1 26
github.com/vaayne/anna/internal/auth/linkcode.go:105.25,107.4 1 2
github.com/vaayne/anna/internal/auth/linkcode.go:109.2,109.13 1 3
github.com/vaayne/anna/internal/auth/linkcode.go:113.39,117.40 2 107
github.com/vaayne/anna/internal/auth/linkcode.go:117.40,118.52 1 0
github.com/vaayne/anna/internal/auth/linkcode.go:120.2,122.16 2 107
github.com/vaayne/anna/internal/auth/linkcode.go:125.34,127.2 1 26
github.com/vaayne/anna/internal/auth/linkcode.go:129.65,136.55 2 2
github.com/vaayne/anna/internal/auth/linkcode.go:136.55,138.3 1 0
github.com/vaayne/anna/internal/auth/linkcode.go:139.2,139.12 1 2
github.com/vaayne/anna/internal/auth/linkcode.go:142.111,143.45 1 1
github.com/vaayne/anna/internal/auth/linkcode.go:143.45,145.3 1 0
github.com/vaayne/anna/internal/auth/linkcode.go:147.2,150.16 3 1
github.com/vaayne/anna/internal/auth/linkcode.go:150.16,152.3 1 0
github.com/vaayne/anna/internal/auth/linkcode.go:153.2,153.12 1 1
github.com/vaayne/anna/internal/auth/linkcode.go:156.95,157.45 1 1
github.com/vaayne/anna/internal/auth/linkcode.go:157.45,160.3 2 0
github.com/vaayne/anna/internal/auth/linkcode.go:162.2,172.26 4 1
github.com/vaayne/anna/internal/auth/linkcode.go:172.26,174.3 1 0
github.com/vaayne/anna/internal/auth/linkcode.go:175.2,175.16 1 1
github.com/vaayne/anna/internal/auth/linkcode.go:175.16,178.3 2 0
github.com/vaayne/anna/internal/auth/linkcode.go:179.2,179.46 1 1
github.com/vaayne/anna/internal/auth/linkcode.go:179.46,181.3 1 0
github.com/vaayne/anna/internal/auth/linkcode.go:182.2,182.31 1 1
github.com/vaayne/anna/internal/auth/linkcode.go:185.66,188.16 3 2
github.com/vaayne/anna/internal/auth/linkcode.go:188.16,190.3 1 0
github.com/vaayne/anna/internal/auth/linkcode.go:191.2,191.12 1 2
github.com/vaayne/anna/internal/auth/password.go:8.49,10.16 2 3
github.com/vaayne/anna/internal/auth/password.go:10.16,12.3 1 0
github.com/vaayne/anna/internal/auth/password.go:13.2,13.26 1 3
github.com/vaayne/anna/internal/auth/password.go:17.46,19.2 1 3
github.com/vaayne/anna/internal/auth/ratelimit.go:44.36,46.2 1 5
github.com/vaayne/anna/internal/auth/ratelimit.go:50.49,54.9 3 23
github.com/vaayne/anna/internal/auth/ratelimit.go:54.9,56.3 1 22
github.com/vaayne/anna/internal/auth/ratelimit.go:58.2,63.46 4 1
github.com/vaayne/anna/internal/auth/ratelimit.go:63.46,67.3 3 0
github.com/vaayne/anna/internal/auth/ratelimit.go:69.2,69.35 1 1
github.com/vaayne/anna/internal/auth/ratelimit.go:69.35,71.3 1 1
github.com/vaayne/anna/internal/auth/ratelimit.go:73.2,73.12 1 0
github.com/vaayne/anna/internal/auth/ratelimit.go:77.51,86.46 6 10
github.com/vaayne/anna/internal/auth/ratelimit.go:86.46,89.3 2 0
github.com/vaayne/anna/internal/auth/ratelimit.go:91.2,91.16 1 10
github.com/vaayne/anna/internal/auth/ratelimit.go:95.61,97.9 2 5
github.com/vaayne/anna/internal/auth/ratelimit.go:97.9,99.3 1 2
github.com/vaayne/anna/internal/auth/ratelimit.go:101.2,105.41 4 3
github.com/vaayne/anna/internal/auth/ratelimit.go:105.41,106.53 1 2
github.com/vaayne/anna/internal/auth/ratelimit.go:106.53,108.4 1 2
github.com/vaayne/anna/internal/auth/ratelimit.go:110.3,110.19 1 0
github.com/vaayne/anna/internal/auth/ratelimit.go:113.2,113.12 1 1
github.com/vaayne/anna/internal/auth/ratelimit.go:117.60,127.92 6 18
github.com/vaayne/anna/internal/auth/ratelimit.go:127.92,129.3 1 0
github.com/vaayne/anna/internal/auth/ratelimit.go:131.2,132.23 2 18
github.com/vaayne/anna/internal/auth/ratelimit.go:136.60,138.2 1 1
github.com/vaayne/anna/internal/auth/sandbox.go:13.59,14.22 1 8
github.com/vaayne/anna/internal/auth/sandbox.go:14.22,16.3 1 1
github.com/vaayne/anna/internal/auth/sandbox.go:19.2,20.16 2 7
github.com/vaayne/anna/internal/auth/sandbox.go:20.16,22.3 1 0
github.com/vaayne/anna/internal/auth/sandbox.go:23.2,28.16 3 7
github.com/vaayne/anna/internal/auth/sandbox.go:28.16,30.3 1 0
github.com/vaayne/anna/internal/auth/sandbox.go:33.2,33.115 1 7
github.com/vaayne/anna/internal/auth/sandbox.go:33.115,35.3 1 4
github.com/vaayne/anna/internal/auth/sandbox.go:37.2,37.12 1 3
github.com/vaayne/anna/internal/auth/sandbox.go:43.57,47.65 2 7
github.com/vaayne/anna/internal/auth/sandbox.go:47.65,49.3 1 1
github.com/vaayne/anna/internal/auth/sandbox.go:52.2,54.6 3 6
github.com/vaayne/anna/internal/auth/sandbox.go:54.6,56.24 2 8
github.com/vaayne/anna/internal/auth/sandbox.go:56.24,59.4 1 0
github.com/vaayne/anna/internal/auth/sandbox.go:60.3,63.66 3 8
github.com/vaayne/anna/internal/auth/sandbox.go:63.66,65.4 1 6
github.com/vaayne/anna/internal/auth/seed.go:126.63,127.41 1 4
github.com/vaayne/anna/internal/auth/seed.go:127.41,128.60 1 36
github.com/vaayne/anna/internal/auth/seed.go:128.60,129.28 1 9
github.com/vaayne/anna/internal/auth/seed.go:129.28,131.13 2 9
github.com/vaayne/anna/internal/auth/seed.go:133.4,133.59 1 0
github.com/vaayne/anna/internal/auth/seed.go:135.3,135.65 1 27
github.com/vaayne/anna/internal/auth/seed.go:138.2,138.12 1 4
github.com/vaayne/anna/internal/auth/seed.go:143.38,144.16 1 9
github.com/vaayne/anna/internal/auth/seed.go:144.16,146.3 1 0
github.com/vaayne/anna/internal/auth/seed.go:148.2,148.35 1 9
github.com/vaayne/anna/internal/auth/seed.go:148.35,150.3 1 0
github.com/vaayne/anna/internal/auth/seed.go:152.2,155.44 2 9
github.com/vaayne/anna/internal/auth/session.go:27.28,29.40 2 2
github.com/vaayne/anna/internal/auth/session.go:29.40,30.52 1 0
github.com/vaayne/anna/internal/auth/session.go:32.2,32.30 1 2
github.com/vaayne/anna/internal/auth/session.go:37.77,47.2 1 2
github.com/vaayne/anna/internal/auth/session.go:52.48,62.2 1 1
github.com/vaayne/anna/internal/auth/session.go:66.56,68.16 2 3
github.com/vaayne/anna/internal/auth/session.go:68.16,70.3 1 1
github.com/vaayne/anna/internal/auth/session.go:71.2,71.19 1 2
github.com/vaayne/anna/internal/auth/session.go:71.19,73.3 1 1
github.com/vaayne/anna/internal/auth/session.go:74.2,74.21 1 1
github.com/vaayne/anna/internal/auth/types.go:19.34,19.64 1 0
github.com/vaayne/anna/internal/ai/providers/register_builtins.go:11.39,15.2 3 0
github.com/vaayne/anna/cmd/anna/channel_plugins.go:20.39,20.56 1 1
github.com/vaayne/anna/cmd/anna/channel_plugins.go:22.58,22.89 1 0
github.com/vaayne/anna/cmd/anna/channel_plugins.go:24.32,24.52 1 0
github.com/vaayne/anna/cmd/anna/channel_plugins.go:26.83,33.2 1 0
github.com/vaayne/anna/cmd/anna/channel_plugins.go:35.90,37.92 2 1
github.com/vaayne/anna/cmd/anna/channel_plugins.go:37.92,38.42 1 2
github.com/vaayne/anna/cmd/anna/channel_plugins.go:38.42,40.4 1 0
github.com/vaayne/anna/cmd/anna/channel_plugins.go:42.2,43.16 2 1
github.com/vaayne/anna/cmd/anna/channel_plugins.go:43.16,45.3 1 0
github.com/vaayne/anna/cmd/anna/channel_plugins.go:46.2,46.98 1 1
github.com/vaayne/anna/cmd/anna/channel_plugins.go:46.98,48.3 1 0
github.com/vaayne/anna/cmd/anna/channel_plugins.go:49.2,49.21 1 1
github.com/vaayne/anna/cmd/anna/channel_plugins.go:52.149,55.9 3 1
github.com/vaayne/anna/cmd/anna/channel_plugins.go:55.9,57.3 1 0
github.com/vaayne/anna/cmd/anna/channel_plugins.go:58.2,58.48 1 1
github.com/vaayne/anna/cmd/anna/channel_plugins.go:58.48,60.3 1 0
github.com/vaayne/anna/cmd/anna/channel_plugins.go:61.2,61.17 1 1
github.com/vaayne/anna/cmd/anna/channel_plugins.go:64.79,69.2 1 1
github.com/vaayne/anna/cmd/anna/chat.go:13.34,27.39 1 3
github.com/vaayne/anna/cmd/anna/chat.go:27.39,28.25 1 0
github.com/vaayne/anna/cmd/anna/chat.go:28.25,29.42 1 0
github.com/vaayne/anna/cmd/anna/chat.go:29.42,31.6 1 0
github.com/vaayne/anna/cmd/anna/chat.go:34.4,38.18 4 0
github.com/vaayne/anna/cmd/anna/chat.go:38.18,40.5 1 0
github.com/vaayne/anna/cmd/anna/chat.go:41.4,41.17 1 0
github.com/vaayne/anna/cmd/anna/chat.go:41.17,41.46 1 0
github.com/vaayne/anna/cmd/anna/chat.go:42.4,42.17 1 0
github.com/vaayne/anna/cmd/anna/chat.go:42.17,42.44 1 0
github.com/vaayne/anna/cmd/anna/chat.go:45.4,47.55 3 0
github.com/vaayne/anna/cmd/anna/chat.go:47.55,49.17 2 0
github.com/vaayne/anna/cmd/anna/chat.go:49.17,51.6 1 0
github.com/vaayne/anna/cmd/anna/chat.go:52.5,55.23 3 0
github.com/vaayne/anna/cmd/anna/chat.go:55.23,57.6 1 0
github.com/vaayne/anna/cmd/anna/chat.go:58.5,58.21 1 0
github.com/vaayne/anna/cmd/anna/chat.go:61.4,61.29 1 0
github.com/vaayne/anna/cmd/anna/chat.go:61.29,62.55 1 0
github.com/vaayne/anna/cmd/anna/chat.go:62.55,64.6 1 0
github.com/vaayne/anna/cmd/anna/chat.go:65.5,65.18 1 0
github.com/vaayne/anna/cmd/anna/chat.go:65.18,65.47 1 0
github.com/vaayne/anna/cmd/anna/chat.go:68.4,68.24 1 0
github.com/vaayne/anna/cmd/anna/chat.go:68.24,70.5 1 0
github.com/vaayne/anna/cmd/anna/chat.go:71.4,71.43 1 0
github.com/vaayne/anna/cmd/anna/chat.go:71.43,73.5 1 0
github.com/vaayne/anna/cmd/anna/chat.go:74.4,75.96 2 0
github.com/vaayne/anna/cmd/anna/commands.go:26.25,42.2 1 3
github.com/vaayne/anna/cmd/anna/commands.go:59.72,63.16 3 1
github.com/vaayne/anna/cmd/anna/commands.go:63.16,65.3 1 0
github.com/vaayne/anna/cmd/anna/commands.go:67.2,70.51 2 1
github.com/vaayne/anna/cmd/anna/commands.go:70.51,72.3 1 0
github.com/vaayne/anna/cmd/anna/commands.go:75.2,76.61 2 1
github.com/vaayne/anna/cmd/anna/commands.go:76.61,78.3 1 0
github.com/vaayne/anna/cmd/anna/commands.go:81.2,82.36 2 1
github.com/vaayne/anna/cmd/anna/commands.go:82.36,84.3 1 0
github.com/vaayne/anna/cmd/anna/commands.go:85.2,88.16 3 1
github.com/vaayne/anna/cmd/anna/commands.go:88.16,90.3 1 0
github.com/vaayne/anna/cmd/anna/commands.go:92.2,99.75 5 1
github.com/vaayne/anna/cmd/anna/commands.go:99.75,101.17 2 1
github.com/vaayne/anna/cmd/anna/commands.go:101.17,103.4 1 0
github.com/vaayne/anna/cmd/anna/commands.go:104.3,105.20 2 1
github.com/vaayne/anna/cmd/anna/commands.go:105.20,107.4 1 1
github.com/vaayne/anna/cmd/anna/commands.go:108.3,109.33 2 1
github.com/vaayne/anna/cmd/anna/commands.go:109.33,111.4 1 1
github.com/vaayne/anna/cmd/anna/commands.go:115.2,130.32 7 1
github.com/vaayne/anna/cmd/anna/commands.go:130.32,132.3 1 2
github.com/vaayne/anna/cmd/anna/commands.go:135.2,139.43 3 1
github.com/vaayne/anna/cmd/anna/commands.go:139.43,141.3 1 0
github.com/vaayne/anna/cmd/anna/commands.go:143.2,156.46 3 1
github.com/vaayne/anna/cmd/anna/commands.go:156.46,158.3 1 0
github.com/vaayne/anna/cmd/anna/commands.go:161.2,162.17 2 1
github.com/vaayne/anna/cmd/anna/commands.go:162.17,164.3 1 0
github.com/vaayne/anna/cmd/anna/commands.go:167.2,167.55 1 1
github.com/vaayne/anna/cmd/anna/commands.go:167.55,171.86 1 0
github.com/vaayne/anna/cmd/anna/commands.go:171.86,172.19 1 0
github.com/vaayne/anna/cmd/anna/commands.go:172.19,174.5 1 0
github.com/vaayne/anna/cmd/anna/commands.go:175.4,175.45 1 0
github.com/vaayne/anna/cmd/anna/commands.go:181.2,181.25 1 1
github.com/vaayne/anna/cmd/anna/commands.go:181.25,182.70 1 1
github.com/vaayne/anna/cmd/anna/commands.go:182.70,184.25 2 0
github.com/vaayne/anna/cmd/anna/commands.go:184.25,185.48 1 0
github.com/vaayne/anna/cmd/anna/commands.go:185.48,187.6 1 0
github.com/vaayne/anna/cmd/anna/commands.go:189.4,192.24 4 0
github.com/vaayne/anna/cmd/anna/commands.go:192.24,193.23 1 0
github.com/vaayne/anna/cmd/anna/commands.go:193.23,195.6 1 0
github.com/vaayne/anna/cmd/anna/commands.go:201.2,216.8 2 1
github.com/vaayne/anna/cmd/anna/commands.go:221.167,222.44 1 1
github.com/vaayne/anna/cmd/anna/commands.go:222.44,228.17 4 0
github.com/vaayne/anna/cmd/anna/commands.go:228.17,231.4 2 0
github.com/vaayne/anna/cmd/anna/commands.go:233.3,234.17 2 0
github.com/vaayne/anna/cmd/anna/commands.go:234.17,236.4 1 0
github.com/vaayne/anna/cmd/anna/commands.go:237.3,239.13 3 0
github.com/vaayne/anna/cmd/anna/commands.go:243.27,245.66 2 0
github.com/vaayne/anna/cmd/anna/commands.go:245.66,247.3 1 0
github.com/vaayne/anna/cmd/anna/commands.go:248.2,249.16 2 0
github.com/vaayne/anna/cmd/anna/commands.go:249.16,251.3 1 0
github.com/vaayne/anna/cmd/anna/commands.go:252.2,255.12 2 0
github.com/vaayne/anna/cmd/anna/gateway.go:29.32,42.2 1 3
github.com/vaayne/anna/cmd/anna/gateway.go:44.42,49.16 4 1
github.com/vaayne/anna/cmd/anna/gateway.go:49.16,51.3 1 0
github.com/vaayne/anna/cmd/anna/gateway.go:52.2,52.15 1 1
github.com/vaayne/anna/cmd/anna/gateway.go:52.15,52.44 1 1
github.com/vaayne/anna/cmd/anna/gateway.go:53.2,53.15 1 1
github.com/vaayne/anna/cmd/anna/gateway.go:53.15,53.42 1 1
github.com/vaayne/anna/cmd/anna/gateway.go:55.2,55.41 1 1
github.com/vaayne/anna/cmd/anna/gateway.go:55.41,57.3 1 0
github.com/vaayne/anna/cmd/anna/gateway.go:58.2,59.83 2 1
github.com/vaayne/anna/cmd/anna/gateway.go:62.156,69.16 5 1
github.com/vaayne/anna/cmd/anna/gateway.go:69.16,71.3 1 0
github.com/vaayne/anna/cmd/anna/gateway.go:74.2,75.16 2 1
github.com/vaayne/anna/cmd/anna/gateway.go:75.16,77.3 1 0
github.com/vaayne/anna/cmd/anna/gateway.go:80.2,80.19 1 1
github.com/vaayne/anna/cmd/anna/gateway.go:80.19,83.17 3 0
github.com/vaayne/anna/cmd/anna/gateway.go:83.17,85.4 1 0
github.com/vaayne/anna/cmd/anna/gateway.go:86.3,90.18 4 0
github.com/vaayne/anna/cmd/anna/gateway.go:90.18,92.4 1 0
github.com/vaayne/anna/cmd/anna/gateway.go:94.3,95.21 2 0
github.com/vaayne/anna/cmd/anna/gateway.go:95.21,100.4 4 0
github.com/vaayne/anna/cmd/anna/gateway.go:101.3,101.21 1 0
github.com/vaayne/anna/cmd/anna/gateway.go:101.21,102.75 1 0
github.com/vaayne/anna/cmd/anna/gateway.go:102.75,104.5 1 0
github.com/vaayne/anna/cmd/anna/gateway.go:105.4,105.14 1 0
github.com/vaayne/anna/cmd/anna/gateway.go:109.2,110.16 2 1
github.com/vaayne/anna/cmd/anna/gateway.go:110.16,112.3 1 0
github.com/vaayne/anna/cmd/anna/gateway.go:114.2,120.113 3 1
github.com/vaayne/anna/cmd/anna/gateway.go:120.113,122.3 1 0
github.com/vaayne/anna/cmd/anna/gateway.go:123.2,123.126 1 1
github.com/vaayne/anna/cmd/anna/gateway.go:123.126,125.3 1 0
github.com/vaayne/anna/cmd/anna/gateway.go:126.2,126.134 1 1
github.com/vaayne/anna/cmd/anna/gateway.go:126.134,128.3 1 0
github.com/vaayne/anna/cmd/anna/gateway.go:129.2,129.112 1 1
github.com/vaayne/anna/cmd/anna/gateway.go:129.112,131.3 1 0
github.com/vaayne/anna/cmd/anna/gateway.go:133.2,133.29 1 1
github.com/vaayne/anna/cmd/anna/gateway.go:133.29,135.17 2 0
github.com/vaayne/anna/cmd/anna/gateway.go:135.17,137.4 1 0
github.com/vaayne/anna/cmd/anna/gateway.go:138.3,141.18 4 0
github.com/vaayne/anna/cmd/anna/gateway.go:141.18,143.4 1 0
github.com/vaayne/anna/cmd/anna/gateway.go:146.2,146.24 1 1
github.com/vaayne/anna/cmd/anna/gateway.go:146.24,147.20 1 1
github.com/vaayne/anna/cmd/anna/gateway.go:147.20,149.4 1 0
github.com/vaayne/anna/cmd/anna/gateway.go:149.9,151.4 1 1
github.com/vaayne/anna/cmd/anna/gateway.go:154.2,154.58 1 0
github.com/vaayne/anna/cmd/anna/gateway.go:154.58,156.3 1 0
github.com/vaayne/anna/cmd/anna/gateway.go:159.2,159.30 1 0
github.com/vaayne/anna/cmd/anna/gateway.go:159.30,160.21 1 0
github.com/vaayne/anna/cmd/anna/gateway.go:160.21,161.62 1 0
github.com/vaayne/anna/cmd/anna/gateway.go:161.62,163.5 1 0
github.com/vaayne/anna/cmd/anna/gateway.go:164.4,164.14 1 0
github.com/vaayne/anna/cmd/anna/gateway.go:169.2,173.27 2 0
github.com/vaayne/anna/cmd/anna/gateway.go:173.27,174.35 1 0
github.com/vaayne/anna/cmd/anna/gateway.go:174.35,176.52 2 0
github.com/vaayne/anna/cmd/anna/gateway.go:176.52,178.5 1 0
github.com/vaayne/anna/cmd/anna/gateway.go:179.9,180.61 1 0
github.com/vaayne/anna/cmd/anna/gateway.go:180.61,182.5 1 0
github.com/vaayne/anna/cmd/anna/gateway.go:184.3,184.16 1 0
github.com/vaayne/anna/cmd/anna/gateway.go:184.16,184.45 1 0
github.com/vaayne/anna/cmd/anna/gateway.go:187.2,187.59 1 0
github.com/vaayne/anna/cmd/anna/gateway.go:187.59,188.89 1 0
github.com/vaayne/anna/cmd/anna/gateway.go:188.89,190.4 1 0
github.com/vaayne/anna/cmd/anna/gateway.go:193.2,195.16 3 0
github.com/vaayne/anna/cmd/anna/gateway.go:201.146,202.69 1 0
github.com/vaayne/anna/cmd/anna/gateway.go:202.69,204.24 2 0
github.com/vaayne/anna/cmd/anna/gateway.go:204.24,205.47 1 0
github.com/vaayne/anna/cmd/anna/gateway.go:205.47,207.5 1 0
github.com/vaayne/anna/cmd/anna/gateway.go:207.10,210.5 1 0
github.com/vaayne/anna/cmd/anna/gateway.go:212.3,215.51 4 0
github.com/vaayne/anna/cmd/anna/gateway.go:215.51,216.22 1 0
github.com/vaayne/anna/cmd/anna/gateway.go:216.22,218.5 1 0
github.com/vaayne/anna/cmd/anna/gateway.go:219.4,219.22 1 0
github.com/vaayne/anna/cmd/anna/gateway.go:219.22,221.5 1 0
github.com/vaayne/anna/cmd/anna/gateway.go:223.3,223.23 1 0
github.com/vaayne/anna/cmd/anna/gateway.go:223.23,227.23 4 0
github.com/vaayne/anna/cmd/anna/gateway.go:227.23,230.5 1 0
github.com/vaayne/anna/cmd/anna/gateway.go:230.10,233.5 1 0
github.com/vaayne/anna/cmd/anna/gateway.go:234.4,234.18 1 0
github.com/vaayne/anna/cmd/anna/gateway.go:234.18,236.5 1 0
github.com/vaayne/anna/cmd/anna/gateway.go:241.32,243.22 2 0
github.com/vaayne/anna/cmd/anna/gateway.go:244.16,245.34 1 0
github.com/vaayne/anna/cmd/anna/gateway.go:246.15,247.38 1 0
github.com/vaayne/anna/cmd/anna/gateway.go:248.17,249.69 1 0
github.com/vaayne/anna/cmd/anna/gateway.go:251.2,251.16 1 0
github.com/vaayne/anna/cmd/anna/gateway.go:251.16,252.37 1 0
github.com/vaayne/anna/cmd/anna/gateway.go:252.37,255.4 2 0
github.com/vaayne/anna/cmd/anna/gateway.go:256.3,256.13 1 0
github.com/vaayne/anna/cmd/anna/gateway.go:256.13,256.31 1 0
github.com/vaayne/anna/cmd/anna/main.go:9.13,16.41 3 0
github.com/vaayne/anna/cmd/anna/main.go:16.41,19.3 2 0
github.com/vaayne/anna/cmd/anna/models.go:23.93,27.38 3 0
github.com/vaayne/anna/cmd/anna/models.go:27.38,29.16 2 0
github.com/vaayne/anna/cmd/anna/models.go:29.16,31.4 1 0
github.com/vaayne/anna/cmd/anna/models.go:32.3,33.80 2 0
github.com/vaayne/anna/cmd/anna/models.go:36.2,37.16 2 0
github.com/vaayne/anna/cmd/anna/models.go:37.16,40.3 2 0
github.com/vaayne/anna/cmd/anna/models.go:42.2,42.33 1 0
github.com/vaayne/anna/cmd/anna/models.go:42.33,44.15 2 0
github.com/vaayne/anna/cmd/anna/models.go:44.15,45.12 1 0
github.com/vaayne/anna/cmd/anna/models.go:47.3,48.10 2 0
github.com/vaayne/anna/cmd/anna/models.go:48.10,49.12 1 0
github.com/vaayne/anna/cmd/anna/models.go:51.3,54.17 4 0
github.com/vaayne/anna/cmd/anna/models.go:54.17,56.12 2 0
github.com/vaayne/anna/cmd/anna/models.go:58.3,58.28 1 0
github.com/vaayne/anna/cmd/anna/models.go:58.28,60.4 1 0
github.com/vaayne/anna/cmd/anna/models.go:63.2,63.15 1 0
github.com/vaayne/anna/cmd/anna/models.go:68.115,72.38 3 0
github.com/vaayne/anna/cmd/anna/models.go:72.38,74.16 2 0
github.com/vaayne/anna/cmd/anna/models.go:74.16,76.4 1 0
github.com/vaayne/anna/cmd/anna/models.go:77.3,78.81 2 0
github.com/vaayne/anna/cmd/anna/models.go:82.2,85.56 2 0
github.com/vaayne/anna/cmd/anna/models.go:85.56,86.34 1 0
github.com/vaayne/anna/cmd/anna/models.go:86.34,88.4 1 0
github.com/vaayne/anna/cmd/anna/models.go:89.3,89.16 1 0
github.com/vaayne/anna/cmd/anna/models.go:93.2,94.16 2 0
github.com/vaayne/anna/cmd/anna/models.go:94.16,95.34 1 0
github.com/vaayne/anna/cmd/anna/models.go:95.34,97.4 1 0
github.com/vaayne/anna/cmd/anna/models.go:100.2,100.15 1 0
github.com/vaayne/anna/cmd/anna/models.go:104.82,105.14 1 0
github.com/vaayne/anna/cmd/anna/models.go:106.19,107.75 1 0
github.com/vaayne/anna/cmd/anna/models.go:108.16,109.69 1 0
github.com/vaayne/anna/cmd/anna/models.go:110.25,111.85 1 0
github.com/vaayne/anna/cmd/anna/models.go:112.10,113.13 1 0
github.com/vaayne/anna/cmd/anna/models.go:118.40,120.16 2 0
github.com/vaayne/anna/cmd/anna/models.go:120.16,122.3 1 0
github.com/vaayne/anna/cmd/anna/models.go:123.2,124.65 2 0
github.com/vaayne/anna/cmd/anna/models.go:124.65,126.3 1 0
github.com/vaayne/anna/cmd/anna/models.go:127.2,127.19 1 0
github.com/vaayne/anna/cmd/anna/models.go:131.89,133.36 2 0
github.com/vaayne/anna/cmd/anna/models.go:133.36,135.3 1 0
github.com/vaayne/anna/cmd/anna/models.go:136.2,136.42 1 0
github.com/vaayne/anna/cmd/anna/models.go:139.36,152.2 1 3
github.com/vaayne/anna/cmd/anna/models.go:154.40,160.2 1 3
github.com/vaayne/anna/cmd/anna/models.go:162.46,164.16 2 0
github.com/vaayne/anna/cmd/anna/models.go:164.16,166.3 1 0
github.com/vaayne/anna/cmd/anna/models.go:167.2,168.16 2 0
github.com/vaayne/anna/cmd/anna/models.go:168.16,170.3 1 0
github.com/vaayne/anna/cmd/anna/models.go:172.2,174.12 3 0
github.com/vaayne/anna/cmd/anna/models.go:177.42,181.39 1 3
github.com/vaayne/anna/cmd/anna/models.go:181.39,183.18 2 0
github.com/vaayne/anna/cmd/anna/models.go:183.18,185.5 1 0
github.com/vaayne/anna/cmd/anna/models.go:187.4,188.18 2 0
github.com/vaayne/anna/cmd/anna/models.go:188.18,190.5 1 0
github.com/vaayne/anna/cmd/anna/models.go:191.4,199.56 4 0
github.com/vaayne/anna/cmd/anna/models.go:199.56,201.5 1 0
github.com/vaayne/anna/cmd/anna/models.go:203.4,204.14 2 0
github.com/vaayne/anna/cmd/anna/models.go:209.43,213.39 1 3
github.com/vaayne/anna/cmd/anna/models.go:213.39,215.18 2 0
github.com/vaayne/anna/cmd/anna/models.go:215.18,217.5 1 0
github.com/vaayne/anna/cmd/anna/models.go:218.4,219.18 2 0
github.com/vaayne/anna/cmd/anna/models.go:219.18,221.5 1 0
github.com/vaayne/anna/cmd/anna/models.go:222.4,223.14 2 0
github.com/vaayne/anna/cmd/anna/models.go:228.39,233.39 1 3
github.com/vaayne/anna/cmd/anna/models.go:233.39,235.17 2 0
github.com/vaayne/anna/cmd/anna/models.go:235.17,237.5 1 0
github.com/vaayne/anna/cmd/anna/models.go:239.4,240.44 2 0
github.com/vaayne/anna/cmd/anna/models.go:240.44,242.5 1 0
github.com/vaayne/anna/cmd/anna/models.go:244.4,245.18 2 0
github.com/vaayne/anna/cmd/anna/models.go:245.18,247.5 1 0
github.com/vaayne/anna/cmd/anna/models.go:250.4,251.38 2 0
github.com/vaayne/anna/cmd/anna/models.go:251.38,253.5 1 0
github.com/vaayne/anna/cmd/anna/models.go:254.4,256.62 3 0
github.com/vaayne/anna/cmd/anna/models.go:256.62,258.5 1 0
github.com/vaayne/anna/cmd/anna/models.go:260.4,261.14 2 0
github.com/vaayne/anna/cmd/anna/models.go:266.42,271.39 1 3
github.com/vaayne/anna/cmd/anna/models.go:271.39,273.19 2 0
github.com/vaayne/anna/cmd/anna/models.go:273.19,275.5 1 0
github.com/vaayne/anna/cmd/anna/models.go:277.4,278.18 2 0
github.com/vaayne/anna/cmd/anna/models.go:278.18,280.5 1 0
github.com/vaayne/anna/cmd/anna/models.go:281.4,282.18 2 0
github.com/vaayne/anna/cmd/anna/models.go:282.18,284.5 1 0
github.com/vaayne/anna/cmd/anna/models.go:286.4,288.29 3 0
github.com/vaayne/anna/cmd/anna/models.go:288.29,290.39 2 0
github.com/vaayne/anna/cmd/anna/models.go:290.39,292.6 1 0
github.com/vaayne/anna/cmd/anna/models.go:295.4,295.25 1 0
github.com/vaayne/anna/cmd/anna/models.go:295.25,298.5 2 0
github.com/vaayne/anna/cmd/anna/models.go:300.4,301.14 2 0
github.com/vaayne/anna/cmd/anna/models.go:307.91,312.27 4 0
github.com/vaayne/anna/cmd/anna/models.go:312.27,313.24 1 0
github.com/vaayne/anna/cmd/anna/models.go:313.24,316.4 2 0
github.com/vaayne/anna/cmd/anna/models.go:317.3,317.61 1 0
github.com/vaayne/anna/cmd/anna/models.go:320.2,320.33 1 0
github.com/vaayne/anna/cmd/anna/models.go:320.33,322.39 2 0
github.com/vaayne/anna/cmd/anna/models.go:322.39,325.54 3 0
github.com/vaayne/anna/cmd/anna/models.go:325.54,328.5 2 0
github.com/vaayne/anna/cmd/anna/models.go:329.4,329.51 1 0
github.com/vaayne/anna/cmd/anna/plugin.go:16.36,26.39 1 3
github.com/vaayne/anna/cmd/anna/plugin.go:26.39,28.4 1 0
github.com/vaayne/anna/cmd/anna/plugin.go:32.40,36.39 1 3
github.com/vaayne/anna/cmd/anna/plugin.go:36.39,38.4 1 0
github.com/vaayne/anna/cmd/anna/plugin.go:42.31,44.16 2 0
github.com/vaayne/anna/cmd/anna/plugin.go:44.16,46.3 1 0
github.com/vaayne/anna/cmd/anna/plugin.go:48.2,49.16 2 0
github.com/vaayne/anna/cmd/anna/plugin.go:49.16,51.3 1 0
github.com/vaayne/anna/cmd/anna/plugin.go:53.2,53.23 1 0
github.com/vaayne/anna/cmd/anna/plugin.go:53.23,56.3 2 0
github.com/vaayne/anna/cmd/anna/plugin.go:58.2,59.28 2 0
github.com/vaayne/anna/cmd/anna/plugin.go:59.28,62.3 2 0
github.com/vaayne/anna/cmd/anna/plugin.go:63.2,63.12 1 0
github.com/vaayne/anna/cmd/anna/plugin.go:66.39,77.39 1 3
github.com/vaayne/anna/cmd/anna/plugin.go:77.39,79.18 2 0
github.com/vaayne/anna/cmd/anna/plugin.go:79.18,81.5 1 0
github.com/vaayne/anna/cmd/anna/plugin.go:83.4,85.18 3 0
github.com/vaayne/anna/cmd/anna/plugin.go:85.18,87.5 1 0
github.com/vaayne/anna/cmd/anna/plugin.go:88.4,88.46 1 0
github.com/vaayne/anna/cmd/anna/plugin.go:88.46,90.5 1 0
github.com/vaayne/anna/cmd/anna/plugin.go:92.4,92.42 1 0
github.com/vaayne/anna/cmd/anna/plugin.go:92.42,94.5 1 0
github.com/vaayne/anna/cmd/anna/plugin.go:96.4,99.18 3 0
github.com/vaayne/anna/cmd/anna/plugin.go:99.18,101.5 1 0
github.com/vaayne/anna/cmd/anna/plugin.go:103.4,104.18 2 0
github.com/vaayne/anna/cmd/anna/plugin.go:104.18,106.5 1 0
github.com/vaayne/anna/cmd/anna/plugin.go:109.4,109.30 1 0
github.com/vaayne/anna/cmd/anna/plugin.go:109.30,110.26 1 0
github.com/vaayne/anna/cmd/anna/plugin.go:110.26,112.6 1 0
github.com/vaayne/anna/cmd/anna/plugin.go:115.4,120.54 2 0
github.com/vaayne/anna/cmd/anna/plugin.go:120.54,122.5 1 0
github.com/vaayne/anna/cmd/anna/plugin.go:124.4,126.14 3 0
github.com/vaayne/anna/cmd/anna/plugin.go:131.42,137.39 1 3
github.com/vaayne/anna/cmd/anna/plugin.go:137.39,139.20 2 0
github.com/vaayne/anna/cmd/anna/plugin.go:139.20,141.5 1 0
github.com/vaayne/anna/cmd/anna/plugin.go:143.4,144.18 2 0
github.com/vaayne/anna/cmd/anna/plugin.go:144.18,146.5 1 0
[...]
github.com/vaayne/anna/internal/admin/providers.go:78.2,78.69 1 0
github.com/vaayne/anna/internal/admin/providers.go:81.78,88.45 3 0
github.com/vaayne/anna/internal/admin/providers.go:88.45,91.3 2 0
github.com/vaayne/anna/internal/admin/providers.go:94.2,94.23 1 0
github.com/vaayne/anna/internal/admin/providers.go:94.23,96.17 2 0
github.com/vaayne/anna/internal/admin/providers.go:96.17,99.4 2 0
github.com/vaayne/anna/internal/admin/providers.go:100.3,101.25 2 0
github.com/vaayne/anna/internal/admin/providers.go:101.25,103.4 1 0
github.com/vaayne/anna/internal/admin/providers.go:106.2,106.23 1 0
github.com/vaayne/anna/internal/admin/providers.go:106.23,109.3 2 0
github.com/vaayne/anna/internal/admin/providers.go:111.2,112.21 2 0
github.com/vaayne/anna/internal/admin/providers.go:112.21,115.3 2 0
github.com/vaayne/anna/internal/admin/providers.go:117.2,118.9 2 0
github.com/vaayne/anna/internal/admin/providers.go:118.9,121.3 2 0
github.com/vaayne/anna/internal/admin/providers.go:123.2,127.16 4 0
github.com/vaayne/anna/internal/admin/providers.go:127.16,130.3 2 0
github.com/vaayne/anna/internal/admin/providers.go:132.2,133.27 2 0
github.com/vaayne/anna/internal/admin/providers.go:133.27,135.3 1 0
github.com/vaayne/anna/internal/admin/providers.go:138.2,140.39 2 0
github.com/vaayne/anna/internal/admin/providers.go:144.74,146.16 2 0
github.com/vaayne/anna/internal/admin/providers.go:146.16,148.3 1 0
github.com/vaayne/anna/internal/admin/providers.go:151.2,152.33 2 0
github.com/vaayne/anna/internal/admin/providers.go:152.33,153.31 1 0
github.com/vaayne/anna/internal/admin/providers.go:153.31,155.4 1 0
github.com/vaayne/anna/internal/admin/providers.go:157.2,157.30 1 0
github.com/vaayne/anna/internal/admin/providers.go:157.30,159.3 1 0
github.com/vaayne/anna/internal/admin/providers.go:161.2,164.54 3 0
github.com/vaayne/anna/internal/admin/providers.go:164.54,166.3 1 0
github.com/vaayne/anna/internal/admin/providers.go:170.76,171.14 1 0
github.com/vaayne/anna/internal/admin/providers.go:172.19,173.75 1 0
github.com/vaayne/anna/internal/admin/providers.go:174.16,175.69 1 0
github.com/vaayne/anna/internal/admin/providers.go:176.25,177.85 1 0
github.com/vaayne/anna/internal/admin/providers.go:178.10,179.13 1 0
github.com/vaayne/anna/internal/admin/render.go:11.68,13.110 2 1
github.com/vaayne/anna/internal/admin/render.go:13.110,15.3 1 0
github.com/vaayne/anna/internal/admin/render.go:18.72,20.2 1 1
github.com/vaayne/anna/internal/admin/render.go:22.69,24.2 1 2
github.com/vaayne/anna/internal/admin/render.go:26.71,28.2 1 1
github.com/vaayne/anna/internal/admin/render.go:30.68,32.2 1 1
github.com/vaayne/anna/internal/admin/render.go:34.71,36.2 1 1
github.com/vaayne/anna/internal/admin/render.go:38.72,40.2 1 1
github.com/vaayne/anna/internal/admin/render.go:42.71,44.2 1 1
github.com/vaayne/anna/internal/admin/render.go:46.70,48.2 1 1
github.com/vaayne/anna/internal/admin/render.go:52.125,57.55 4 9
github.com/vaayne/anna/internal/admin/render.go:57.55,60.3 2 9
github.com/vaayne/anna/internal/admin/render.go:62.2,62.109 1 9
github.com/vaayne/anna/internal/admin/render.go:62.109,64.3 1 0
github.com/vaayne/anna/internal/admin/scheduler.go:29.76,33.16 3 0
github.com/vaayne/anna/internal/admin/scheduler.go:33.16,36.3 2 0
github.com/vaayne/anna/internal/admin/scheduler.go:38.2,39.27 2 0
github.com/vaayne/anna/internal/admin/scheduler.go:39.27,42.62 2 0
github.com/vaayne/anna/internal/admin/scheduler.go:42.62,43.12 1 0
github.com/vaayne/anna/internal/admin/scheduler.go:45.3,45.25 1 0
github.com/vaayne/anna/internal/admin/scheduler.go:47.2,47.35 1 0
github.com/vaayne/anna/internal/admin/scheduler.go:50.77,54.45 3 0
github.com/vaayne/anna/internal/admin/scheduler.go:54.45,57.3 2 0
github.com/vaayne/anna/internal/admin/scheduler.go:58.2,58.43 1 0
github.com/vaayne/anna/internal/admin/scheduler.go:58.43,61.3 2 0
github.com/vaayne/anna/internal/admin/scheduler.go:62.2,62.47 1 0
github.com/vaayne/anna/internal/admin/scheduler.go:62.47,65.3 2 0
github.com/vaayne/anna/internal/admin/scheduler.go:66.2,66.28 1 0
github.com/vaayne/anna/internal/admin/scheduler.go:66.28,68.3 1 0
github.com/vaayne/anna/internal/admin/scheduler.go:71.2,71.34 1 0
github.com/vaayne/anna/internal/admin/scheduler.go:71.34,73.3 1 0
github.com/vaayne/anna/internal/admin/scheduler.go:75.2,77.18 3 0
github.com/vaayne/anna/internal/admin/scheduler.go:77.18,79.3 1 0
github.com/vaayne/anna/internal/admin/scheduler.go:81.2,94.16 2 0
github.com/vaayne/anna/internal/admin/scheduler.go:94.16,97.3 2 0
github.com/vaayne/anna/internal/admin/scheduler.go:99.2,100.40 2 0
github.com/vaayne/anna/internal/admin/scheduler.go:103.77,108.16 4 0
github.com/vaayne/anna/internal/admin/scheduler.go:108.16,111.3 2 0
github.com/vaayne/anna/internal/admin/scheduler.go:114.2,114.34 1 0
github.com/vaayne/anna/internal/admin/scheduler.go:114.34,115.69 1 0
github.com/vaayne/anna/internal/admin/scheduler.go:115.69,118.4 2 0
github.com/vaayne/anna/internal/admin/scheduler.go:121.2,122.45 2 0
github.com/vaayne/anna/internal/admin/scheduler.go:122.45,125.3 2 0
github.com/vaayne/anna/internal/admin/scheduler.go:128.2,128.21 1 0
github.com/vaayne/anna/internal/admin/scheduler.go:128.21,130.3 1 0
github.com/vaayne/anna/internal/admin/scheduler.go:131.2,131.24 1 0
github.com/vaayne/anna/internal/admin/scheduler.go:131.24,133.3 1 0
github.com/vaayne/anna/internal/admin/scheduler.go:134.2,134.58 1 0
github.com/vaayne/anna/internal/admin/scheduler.go:134.58,138.3 3 0
github.com/vaayne/anna/internal/admin/scheduler.go:139.2,139.28 1 0
github.com/vaayne/anna/internal/admin/scheduler.go:139.28,141.3 1 0
github.com/vaayne/anna/internal/admin/scheduler.go:144.2,144.34 1 0
github.com/vaayne/anna/internal/admin/scheduler.go:144.34,146.3 1 0
github.com/vaayne/anna/internal/admin/scheduler.go:148.2,149.18 2 0
github.com/vaayne/anna/internal/admin/scheduler.go:149.18,151.3 1 0
github.com/vaayne/anna/internal/admin/scheduler.go:153.2,165.16 2 0
github.com/vaayne/anna/internal/admin/scheduler.go:165.16,168.3 2 0
github.com/vaayne/anna/internal/admin/scheduler.go:170.2,171.35 2 0
github.com/vaayne/anna/internal/admin/scheduler.go:174.77,179.16 4 0
github.com/vaayne/anna/internal/admin/scheduler.go:179.16,182.3 2 0
github.com/vaayne/anna/internal/admin/scheduler.go:185.2,185.34 1 0
github.com/vaayne/anna/internal/admin/scheduler.go:185.34,186.69 1 0
github.com/vaayne/anna/internal/admin/scheduler.go:186.69,189.4 2 0
github.com/vaayne/anna/internal/admin/scheduler.go:192.2,192.64 1 0
github.com/vaayne/anna/internal/admin/scheduler.go:192.64,195.3 2 0
github.com/vaayne/anna/internal/admin/scheduler.go:196.2,196.69 1 0
github.com/vaayne/anna/internal/admin/scheduler.go:199.57,211.23 2 0
github.com/vaayne/anna/internal/admin/scheduler.go:211.23,213.3 1 0
github.com/vaayne/anna/internal/admin/scheduler.go:214.2,214.22 1 0
github.com/vaayne/anna/internal/admin/scheduler.go:214.22,216.3 1 0
github.com/vaayne/anna/internal/admin/scheduler.go:217.2,217.10 1 0
github.com/vaayne/anna/internal/admin/scheduler.go:220.52,222.21 2 0
github.com/vaayne/anna/internal/admin/scheduler.go:222.21,224.3 1 0
github.com/vaayne/anna/internal/admin/scheduler.go:225.2,225.22 1 0
github.com/vaayne/anna/internal/admin/scheduler.go:225.22,227.3 1 0
github.com/vaayne/anna/internal/admin/scheduler.go:228.2,228.19 1 0
github.com/vaayne/anna/internal/admin/scheduler.go:228.19,230.3 1 0
github.com/vaayne/anna/internal/admin/scheduler.go:231.2,231.16 1 0
github.com/vaayne/anna/internal/admin/scheduler.go:231.16,233.3 1 0
github.com/vaayne/anna/internal/admin/scheduler.go:234.2,234.15 1 0
github.com/vaayne/anna/internal/admin/scheduler.go:234.15,236.3 1 0
github.com/vaayne/anna/internal/admin/scheduler.go:237.2,237.22 1 0
github.com/vaayne/anna/internal/admin/scheduler.go:237.22,238.59 1 0
github.com/vaayne/anna/internal/admin/scheduler.go:238.59,240.4 1 0
github.com/vaayne/anna/internal/admin/scheduler.go:242.2,242.12 1 0
github.com/vaayne/anna/internal/admin/scheduler.go:245.31,249.2 3 0
github.com/vaayne/anna/internal/admin/server.go:34.153,37.102 2 52
github.com/vaayne/anna/internal/admin/server.go:37.102,39.3 1 0
github.com/vaayne/anna/internal/admin/server.go:41.2,91.58 24 52
github.com/vaayne/anna/internal/admin/server.go:91.58,93.3 1 1352
github.com/vaayne/anna/internal/admin/server.go:96.2,162.10 44 52
github.com/vaayne/anna/internal/admin/server.go:167.71,169.17 2 1
github.com/vaayne/anna/internal/admin/server.go:169.17,172.3 2 0
github.com/vaayne/anna/internal/admin/server.go:173.2,173.18 1 1
github.com/vaayne/anna/internal/admin/server.go:173.18,176.3 2 1
github.com/vaayne/anna/internal/admin/server.go:177.2,177.50 1 0
github.com/vaayne/anna/internal/admin/server.go:181.50,183.2 1 0
github.com/vaayne/anna/internal/admin/server.go:186.41,188.2 1 87
github.com/vaayne/anna/internal/admin/server.go:191.65,192.71 1 87
github.com/vaayne/anna/internal/admin/server.go:192.71,198.37 5 87
github.com/vaayne/anna/internal/admin/server.go:198.37,201.4 2 1
github.com/vaayne/anna/internal/admin/server.go:203.3,203.23 1 86
github.com/vaayne/anna/internal/admin/server.go:208.65,209.71 1 87
github.com/vaayne/anna/internal/admin/server.go:209.71,210.56 1 81
github.com/vaayne/anna/internal/admin/server.go:210.56,212.4 1 68
github.com/vaayne/anna/internal/admin/server.go:213.3,213.23 1 81
github.com/vaayne/anna/internal/admin/server.go:218.61,221.2 2 46
github.com/vaayne/anna/internal/admin/server.go:224.64,228.2 3 25
github.com/vaayne/anna/internal/admin/server.go:231.49,233.2 1 31
github.com/vaayne/anna/internal/admin/sessions.go:34.65,45.2 1 0
github.com/vaayne/anna/internal/admin/sessions.go:47.71,48.18 1 0
github.com/vaayne/anna/internal/admin/sessions.go:48.18,51.3 2 0
github.com/vaayne/anna/internal/admin/sessions.go:52.2,54.16 3 0
github.com/vaayne/anna/internal/admin/sessions.go:54.16,57.3 2 0
github.com/vaayne/anna/internal/admin/sessions.go:59.2,60.30 2 0
github.com/vaayne/anna/internal/admin/sessions.go:60.30,62.63 1 0
github.com/vaayne/anna/internal/admin/sessions.go:62.63,63.12 1 0
github.com/vaayne/anna/internal/admin/sessions.go:65.3,65.45 1 0
github.com/vaayne/anna/internal/admin/sessions.go:67.2,67.35 1 0
github.com/vaayne/anna/internal/admin/sessions.go:70.69,72.21 2 0
github.com/vaayne/anna/internal/admin/sessions.go:72.21,75.3 2 0
github.com/vaayne/anna/internal/admin/sessions.go:76.2,76.18 1 0
github.com/vaayne/anna/internal/admin/sessions.go:76.18,79.3 2 0
github.com/vaayne/anna/internal/admin/sessions.go:81.2,83.16 3 0
github.com/vaayne/anna/internal/admin/sessions.go:83.16,86.3 2 0
github.com/vaayne/anna/internal/admin/sessions.go:89.2,89.74 1 0
github.com/vaayne/anna/internal/admin/sessions.go:89.74,92.3 2 0
github.com/vaayne/anna/internal/admin/sessions.go:94.2,100.24 3 0
github.com/vaayne/anna/internal/admin/sessions.go:100.24,102.17 2 0
github.com/vaayne/anna/internal/admin/sessions.go:102.17,104.4 1 0
github.com/vaayne/anna/internal/admin/sessions.go:108.2,108.22 1 0
github.com/vaayne/anna/internal/admin/sessions.go:108.22,110.17 2 0
github.com/vaayne/anna/internal/admin/sessions.go:110.17,112.4 1 0
github.com/vaayne/anna/internal/admin/sessions.go:115.2,115.35 1 0
github.com/vaayne/anna/internal/admin/sessions.go:118.77,120.21 2 0
github.com/vaayne/anna/internal/admin/sessions.go:120.21,123.3 2 0
github.com/vaayne/anna/internal/admin/sessions.go:126.2,126.62 1 0
github.com/vaayne/anna/internal/admin/sessions.go:126.62,128.3 1 0
github.com/vaayne/anna/internal/admin/sessions.go:131.2,132.16 2 0
github.com/vaayne/anna/internal/admin/sessions.go:132.16,135.3 2 0
github.com/vaayne/anna/internal/admin/sessions.go:136.2,137.16 2 0
github.com/vaayne/anna/internal/admin/sessions.go:137.16,140.3 2 0
github.com/vaayne/anna/internal/admin/sessions.go:142.2,142.56 1 0
github.com/vaayne/anna/internal/admin/sessions.go:147.101,149.49 2 0
github.com/vaayne/anna/internal/admin/sessions.go:149.49,151.3 1 0
github.com/vaayne/anna/internal/admin/sessions.go:152.2,153.16 2 0
github.com/vaayne/anna/internal/admin/sessions.go:153.16,156.3 2 0
github.com/vaayne/anna/internal/admin/sessions.go:157.2,157.30 1 0
github.com/vaayne/anna/internal/admin/sessions.go:157.30,160.3 2 0
github.com/vaayne/anna/internal/admin/sessions.go:161.2,161.12 1 0
github.com/vaayne/anna/internal/admin/sessions.go:164.81,166.21 2 0
github.com/vaayne/anna/internal/admin/sessions.go:166.21,169.3 2 0
github.com/vaayne/anna/internal/admin/sessions.go:170.2,170.18 1 0
github.com/vaayne/anna/internal/admin/sessions.go:170.18,173.3 2 0
github.com/vaayne/anna/internal/admin/sessions.go:176.2,176.62 1 0
github.com/vaayne/anna/internal/admin/sessions.go:176.62,178.3 1 0
github.com/vaayne/anna/internal/admin/sessions.go:180.2,181.16 2 0
github.com/vaayne/anna/internal/admin/sessions.go:181.16,184.3 2 0
github.com/vaayne/anna/internal/admin/sessions.go:187.2,188.24 2 0
github.com/vaayne/anna/internal/admin/sessions.go:188.24,190.3 1 0
github.com/vaayne/anna/internal/admin/sessions.go:193.2,194.44 2 0
github.com/vaayne/anna/internal/admin/sessions.go:194.44,196.3 1 0
github.com/vaayne/anna/internal/admin/sessions.go:198.2,205.73 2 0
github.com/vaayne/anna/internal/admin/sessions.go:210.67,213.20 3 0
github.com/vaayne/anna/internal/admin/sessions.go:213.20,215.19 2 0
github.com/vaayne/anna/internal/admin/sessions.go:216.15,218.7 2 0
github.com/vaayne/anna/internal/admin/sessions.go:219.20,222.17 3 0
github.com/vaayne/anna/internal/admin/sessions.go:223.15,225.7 2 0
github.com/vaayne/anna/internal/admin/sessions.go:226.11,227.7 1 0
github.com/vaayne/anna/internal/admin/sessions.go:230.2,230.15 1 0
github.com/vaayne/anna/internal/admin/sessions.go:233.59,240.2 3 0
github.com/vaayne/anna/internal/admin/sessions.go:242.86,247.23 4 0
github.com/vaayne/anna/internal/admin/sessions.go:248.14,250.13 2 0
github.com/vaayne/anna/internal/admin/sessions.go:251.19,253.13 2 0
github.com/vaayne/anna/internal/admin/sessions.go:254.10,261.14 3 0
github.com/vaayne/anna/internal/admin/sessions.go:265.2,265.33 1 0
github.com/vaayne/anna/internal/admin/sessions.go:265.33,267.64 2 0
github.com/vaayne/anna/internal/admin/sessions.go:267.64,268.9 1 0
github.com/vaayne/anna/internal/admin/sessions.go:270.3,271.13 2 0
github.com/vaayne/anna/internal/admin/sessions.go:274.2,278.13 1 0
github.com/vaayne/anna/internal/admin/sessions.go:281.57,287.62 2 0
github.com/vaayne/anna/internal/admin/sessions.go:287.62,289.3 1 0
github.com/vaayne/anna/internal/admin/sessions.go:290.2,292.95 3 0
github.com/vaayne/anna/internal/admin/sessions.go:295.59,306.66 3 0
github.com/vaayne/anna/internal/admin/sessions.go:306.66,311.3 4 0
github.com/vaayne/anna/internal/admin/sessions.go:312.2,318.10 7 0
github.com/vaayne/anna/internal/admin/settings.go:8.69,11.16 3 0
github.com/vaayne/anna/internal/admin/settings.go:11.16,14.3 2 0
github.com/vaayne/anna/internal/admin/settings.go:16.2,17.61 2 0
github.com/vaayne/anna/internal/admin/settings.go:17.61,20.3 2 0
github.com/vaayne/anna/internal/admin/settings.go:21.2,21.71 1 0
github.com/vaayne/anna/internal/admin/settings.go:24.72,29.45 3 0
github.com/vaayne/anna/internal/admin/settings.go:29.45,32.3 2 0
github.com/vaayne/anna/internal/admin/settings.go:35.2,36.32 2 0
github.com/vaayne/anna/internal/admin/settings.go:37.14,38.10 1 0
github.com/vaayne/anna/internal/admin/settings.go:39.10,41.17 2 0
github.com/vaayne/anna/internal/admin/settings.go:41.17,44.4 2 0
github.com/vaayne/anna/internal/admin/settings.go:45.3,45.21 1 0
github.com/vaayne/anna/internal/admin/settings.go:48.2,48.66 1 0
github.com/vaayne/anna/internal/admin/settings.go:48.66,51.3 2 0
github.com/vaayne/anna/internal/admin/settings.go:52.2,52.81 1 0
github.com/vaayne/anna/internal/admin/tools.go:22.67,29.2 1 0
github.com/vaayne/anna/internal/admin/tools.go:31.73,36.40 3 0
github.com/vaayne/anna/internal/admin/tools.go:36.40,38.3 1 0
github.com/vaayne/anna/internal/admin/tools.go:41.2,44.46 2 0
github.com/vaayne/anna/internal/admin/tools.go:44.46,46.3 1 0
github.com/vaayne/anna/internal/admin/tools.go:48.2,48.40 1 0
github.com/vaayne/anna/internal/admin/tools.go:48.40,49.45 1 0
github.com/vaayne/anna/internal/admin/tools.go:49.45,52.4 2 0
github.com/vaayne/anna/internal/admin/tools.go:53.3,53.39 1 0
github.com/vaayne/anna/internal/admin/tools.go:56.2,56.36 1 0
github.com/vaayne/anna/internal/admin/tools.go:61.52,67.2 1 0
github.com/vaayne/anna/internal/admin/users.go:8.81,10.16 2 0
github.com/vaayne/anna/internal/admin/users.go:10.16,13.3 2 0
github.com/vaayne/anna/internal/admin/users.go:14.2,17.45 2 0
github.com/vaayne/anna/internal/admin/users.go:17.45,20.3 2 0
github.com/vaayne/anna/internal/admin/users.go:21.2,21.97 1 0
github.com/vaayne/anna/internal/admin/users.go:21.97,24.3 2 0
github.com/vaayne/anna/internal/admin/users.go:25.2,25.69 1 0
github.com/vaayne/anna/internal/admin/users.go:28.83,30.16 2 0
github.com/vaayne/anna/internal/admin/users.go:30.16,33.3 2 0
github.com/vaayne/anna/internal/admin/users.go:34.2,37.45 2 0
github.com/vaayne/anna/internal/admin/users.go:37.45,40.3 2 0
github.com/vaayne/anna/internal/admin/users.go:41.2,41.101 1 0
github.com/vaayne/anna/internal/admin/users.go:41.101,44.3 2 0
github.com/vaayne/anna/internal/admin/users.go:45.2,45.69 1 0
github.com/vaayne/anna/internal/admin/users.go:48.75,50.16 2 0
github.com/vaayne/anna/internal/admin/users.go:50.16,53.3 2 0
github.com/vaayne/anna/internal/admin/users.go:54.2,55.16 2 0
github.com/vaayne/anna/internal/admin/users.go:55.16,58.3 2 0
github.com/vaayne/anna/internal/admin/users.go:59.2,59.39 1 0
github.com/vaayne/anna/internal/admin/users.go:62.72,64.16 2 0
github.com/vaayne/anna/internal/admin/users.go:64.16,67.3 2 0
github.com/vaayne/anna/internal/admin/users.go:68.2,72.45 3 0
github.com/vaayne/anna/internal/admin/users.go:72.45,75.3 2 0
github.com/vaayne/anna/internal/admin/users.go:76.2,76.91 1 0
github.com/vaayne/anna/internal/admin/users.go:76.91,79.3 2 0
github.com/vaayne/anna/internal/admin/users.go:80.2,80.67 1 0
github.com/vaayne/anna/internal/admin/users.go:83.75,85.16 2 0
github.com/vaayne/anna/internal/admin/users.go:85.16,88.3 2 0
github.com/vaayne/anna/internal/admin/users.go:89.2,90.80 2 0
github.com/vaayne/anna/internal/admin/users.go:90.80,93.3 2 0
github.com/vaayne/anna/internal/admin/users.go:94.2,94.69 1 0
github.com/vaayne/anna/internal/admin/weixin_qr.go:17.72,20.16 3 0
github.com/vaayne/anna/internal/admin/weixin_qr.go:20.16,23.3 2 0
github.com/vaayne/anna/internal/admin/weixin_qr.go:24.2,24.33 1 0
github.com/vaayne/anna/internal/admin/weixin_qr.go:31.77,33.17 2 0
github.com/vaayne/anna/internal/admin/weixin_qr.go:33.17,36.3 2 0
github.com/vaayne/anna/internal/admin/weixin_qr.go:38.2,39.18 2 0
github.com/vaayne/anna/internal/admin/weixin_qr.go:39.18,42.3 2 0
github.com/vaayne/anna/internal/admin/weixin_qr.go:44.2,50.16 6 0
github.com/vaayne/anna/internal/admin/weixin_qr.go:50.16,53.3 2 0
github.com/vaayne/anna/internal/admin/weixin_qr.go:56.2,56.59 1 0
github.com/vaayne/anna/internal/admin/weixin_qr.go:56.59,57.70 1 0
github.com/vaayne/anna/internal/admin/weixin_qr.go:57.70,61.4 3 0
github.com/vaayne/anna/internal/admin/weixin_qr.go:64.3,65.23 2 0
github.com/vaayne/anna/internal/admin/weixin_qr.go:65.23,67.4 1 0
github.com/vaayne/anna/internal/admin/weixin_qr.go:68.3,68.45 1 0
github.com/vaayne/anna/internal/admin/weixin_qr.go:68.45,69.98 1 0
github.com/vaayne/anna/internal/admin/weixin_qr.go:69.98,75.20 1 0
github.com/vaayne/anna/internal/admin/weixin_qr.go:75.20,77.6 1 0
github.com/vaayne/anna/internal/admin/weixin_qr.go:82.2,82.37 1 0
github.com/vaayne/anna/internal/admin/weixin_qr.go:87.104,90.16 3 0
github.com/vaayne/anna/internal/admin/weixin_qr.go:90.16,93.3 2 0
github.com/vaayne/anna/internal/admin/weixin_qr.go:93.8,94.65 1 0
github.com/vaayne/anna/internal/admin/weixin_qr.go:94.65,96.4 1 0
github.com/vaayne/anna/internal/admin/weixin_qr.go:99.2,105.16 6 0
github.com/vaayne/anna/internal/admin/weixin_qr.go:105.16,107.3 1 0
github.com/vaayne/anna/internal/admin/weixin_qr.go:109.2,113.4 1 0
